{"total": {"lines":{"total":559,"covered":156,"skipped":0,"pct":27.9},"statements":{"total":569,"covered":159,"skipped":0,"pct":27.94},"functions":{"total":169,"covered":34,"skipped":0,"pct":20.11},"branches":{"total":241,"covered":45,"skipped":0,"pct":18.67},"branchesTrue":{"total":0,"covered":0,"skipped":0,"pct":100}}
,"/Users/Isalenert/Documents/lm-conciliation/frontend/src/App.jsx": {"lines":{"total":1,"covered":1,"skipped":0,"pct":100},"functions":{"total":1,"covered":1,"skipped":0,"pct":100},"statements":{"total":1,"covered":1,"skipped":0,"pct":100},"branches":{"total":0,"covered":0,"skipped":0,"pct":100}}
,"/Users/Isalenert/Documents/lm-conciliation/frontend/src/components/Navbar.jsx": {"lines":{"total":15,"covered":11,"skipped":0,"pct":73.33},"functions":{"total":6,"covered":3,"skipped":0,"pct":50},"statements":{"total":15,"covered":11,"skipped":0,"pct":73.33},"branches":{"total":2,"covered":1,"skipped":0,"pct":50}}
,"/Users/Isalenert/Documents/lm-conciliation/frontend/src/components/PrivateRoute.jsx": {"lines":{"total":6,"covered":4,"skipped":0,"pct":66.66},"functions":{"total":1,"covered":1,"skipped":0,"pct":100},"statements":{"total":6,"covered":4,"skipped":0,"pct":66.66},"branches":{"total":4,"covered":2,"skipped":0,"pct":50}}
,"/Users/Isalenert/Documents/lm-conciliation/frontend/src/components/PublicNavbar.jsx": {"lines":{"total":5,"covered":2,"skipped":0,"pct":40},"functions":{"total":4,"covered":1,"skipped":0,"pct":25},"statements":{"total":5,"covered":2,"skipped":0,"pct":40},"branches":{"total":0,"covered":0,"skipped":0,"pct":100}}
,"/Users/Isalenert/Documents/lm-conciliation/frontend/src/contexts/AuthContext.jsx": {"lines":{"total":44,"covered":18,"skipped":0,"pct":40.9},"functions":{"total":7,"covered":3,"skipped":0,"pct":42.85},"statements":{"total":44,"covered":18,"skipped":0,"pct":40.9},"branches":{"total":10,"covered":3,"skipped":0,"pct":30}}
,"/Users/Isalenert/Documents/lm-conciliation/frontend/src/pages/Dashboard.jsx": {"lines":{"total":19,"covered":11,"skipped":0,"pct":57.89},"functions":{"total":7,"covered":3,"skipped":0,"pct":42.85},"statements":{"total":19,"covered":11,"skipped":0,"pct":57.89},"branches":{"total":6,"covered":1,"skipped":0,"pct":16.66}}
,"/Users/Isalenert/Documents/lm-conciliation/frontend/src/pages/ForgotPassword.jsx": {"lines":{"total":14,"covered":5,"skipped":0,"pct":35.71},"functions":{"total":3,"covered":1,"skipped":0,"pct":33.33},"statements":{"total":14,"covered":5,"skipped":0,"pct":35.71},"branches":{"total":16,"covered":4,"skipped":0,"pct":25}}
,"/Users/Isalenert/Documents/lm-conciliation/frontend/src/pages/History.jsx": {"lines":{"total":27,"covered":15,"skipped":0,"pct":55.55},"functions":{"total":8,"covered":3,"skipped":0,"pct":37.5},"statements":{"total":29,"covered":15,"skipped":0,"pct":51.72},"branches":{"total":10,"covered":1,"skipped":0,"pct":10}}
,"/Users/Isalenert/Documents/lm-conciliation/frontend/src/pages/Home.jsx": {"lines":{"total":8,"covered":5,"skipped":0,"pct":62.5},"functions":{"total":4,"covered":2,"skipped":0,"pct":50},"statements":{"total":8,"covered":5,"skipped":0,"pct":62.5},"branches":{"total":2,"covered":1,"skipped":0,"pct":50}}
,"/Users/Isalenert/Documents/lm-conciliation/frontend/src/pages/Login.jsx": {"lines":{"total":17,"covered":7,"skipped":0,"pct":41.17},"functions":{"total":4,"covered":1,"skipped":0,"pct":25},"statements":{"total":17,"covered":7,"skipped":0,"pct":41.17},"branches":{"total":6,"covered":2,"skipped":0,"pct":33.33}}
,"/Users/Isalenert/Documents/lm-conciliation/frontend/src/pages/ManualReconciliation.jsx": {"lines":{"total":49,"covered":0,"skipped":0,"pct":0},"functions":{"total":11,"covered":0,"skipped":0,"pct":0},"statements":{"total":49,"covered":0,"skipped":0,"pct":0},"branches":{"total":31,"covered":0,"skipped":0,"pct":0}}
,"/Users/Isalenert/Documents/lm-conciliation/frontend/src/pages/Mapping.jsx": {"lines":{"total":74,"covered":0,"skipped":0,"pct":0},"functions":{"total":29,"covered":0,"skipped":0,"pct":0},"statements":{"total":75,"covered":0,"skipped":0,"pct":0},"branches":{"total":24,"covered":0,"skipped":0,"pct":0}}
,"/Users/Isalenert/Documents/lm-conciliation/frontend/src/pages/ReconciliationDetails.jsx": {"lines":{"total":34,"covered":0,"skipped":0,"pct":0},"functions":{"total":13,"covered":0,"skipped":0,"pct":0},"statements":{"total":34,"covered":0,"skipped":0,"pct":0},"branches":{"total":20,"covered":0,"skipped":0,"pct":0}}
,"/Users/Isalenert/Documents/lm-conciliation/frontend/src/pages/ResetPassword.jsx": {"lines":{"total":29,"covered":11,"skipped":0,"pct":37.93},"functions":{"total":6,"covered":2,"skipped":0,"pct":33.33},"statements":{"total":29,"covered":11,"skipped":0,"pct":37.93},"branches":{"total":23,"covered":10,"skipped":0,"pct":43.47}}
,"/Users/Isalenert/Documents/lm-conciliation/frontend/src/pages/Results.jsx": {"lines":{"total":27,"covered":0,"skipped":0,"pct":0},"functions":{"total":13,"covered":0,"skipped":0,"pct":0},"statements":{"total":27,"covered":0,"skipped":0,"pct":0},"branches":{"total":15,"covered":0,"skipped":0,"pct":0}}
,"/Users/Isalenert/Documents/lm-conciliation/frontend/src/pages/Settings.jsx": {"lines":{"total":29,"covered":13,"skipped":0,"pct":44.82},"functions":{"total":8,"covered":3,"skipped":0,"pct":37.5},"statements":{"total":29,"covered":13,"skipped":0,"pct":44.82},"branches":{"total":12,"covered":1,"skipped":0,"pct":8.33}}
,"/Users/Isalenert/Documents/lm-conciliation/frontend/src/pages/SignUp.jsx": {"lines":{"total":25,"covered":7,"skipped":0,"pct":28},"functions":{"total":6,"covered":1,"skipped":0,"pct":16.66},"statements":{"total":25,"covered":7,"skipped":0,"pct":28},"branches":{"total":10,"covered":2,"skipped":0,"pct":20}}
,"/Users/Isalenert/Documents/lm-conciliation/frontend/src/pages/Upload.jsx": {"lines":{"total":41,"covered":11,"skipped":0,"pct":26.82},"functions":{"total":11,"covered":2,"skipped":0,"pct":18.18},"statements":{"total":42,"covered":11,"skipped":0,"pct":26.19},"branches":{"total":30,"covered":7,"skipped":0,"pct":23.33}}
,"/Users/Isalenert/Documents/lm-conciliation/frontend/src/services/api.js": {"lines":{"total":82,"covered":23,"skipped":0,"pct":28.04},"functions":{"total":24,"covered":4,"skipped":0,"pct":16.66},"statements":{"total":85,"covered":23,"skipped":0,"pct":27.05},"branches":{"total":12,"covered":2,"skipped":0,"pct":16.66}}
,"/Users/Isalenert/Documents/lm-conciliation/frontend/src/utils/helpers.js": {"lines":{"total":13,"covered":12,"skipped":0,"pct":92.3},"functions":{"total":3,"covered":3,"skipped":0,"pct":100},"statements":{"total":16,"covered":15,"skipped":0,"pct":93.75},"branches":{"total":8,"covered":8,"skipped":0,"pct":100}}
}
