{"/Users/Isalenert/Documents/lm-conciliation/frontend/src/App.jsx": {"path":"/Users/Isalenert/Documents/lm-conciliation/frontend/src/App.jsx","statementMap":{"0":{"start":{"line":23,"column":2},"end":{"line":104,"column":null}}},"fnMap":{"0":{"name":"App","decl":{"start":{"line":22,"column":9},"end":{"line":22,"column":15}},"loc":{"start":{"line":22,"column":15},"end":{"line":106,"column":null}},"line":22}},"branchMap":{},"s":{"0":2},"f":{"0":2},"b":{},"meta":{"lastBranch":0,"lastFunction":1,"lastStatement":1,"seen":{"f:22:9:22:15":0,"s:23:2:104:Infinity":0}}}
,"/Users/Isalenert/Documents/lm-conciliation/frontend/src/components/Navbar.jsx": {"path":"/Users/Isalenert/Documents/lm-conciliation/frontend/src/components/Navbar.jsx","statementMap":{"0":{"start":{"line":10,"column":8},"end":{"line":10,"column":null}},"1":{"start":{"line":11,"column":8},"end":{"line":11,"column":null}},"2":{"start":{"line":12,"column":23},"end":{"line":12,"column":null}},"3":{"start":{"line":14,"column":23},"end":{"line":17,"column":null}},"4":{"start":{"line":15,"column":4},"end":{"line":15,"column":null}},"5":{"start":{"line":16,"column":4},"end":{"line":16,"column":null}},"6":{"start":{"line":19,"column":20},"end":{"line":24,"column":null}},"7":{"start":{"line":26,"column":19},"end":{"line":28,"column":null}},"8":{"start":{"line":27,"column":4},"end":{"line":27,"column":null}},"9":{"start":{"line":30,"column":2},"end":{"line":83,"column":null}},"10":{"start":{"line":38,"column":27},"end":{"line":38,"column":null}},"11":{"start":{"line":63,"column":25},"end":{"line":63,"column":null}},"12":{"start":{"line":64,"column":27},"end":{"line":64,"column":null}},"13":{"start":{"line":66,"column":12},"end":{"line":78,"column":null}},"14":{"start":{"line":69,"column":31},"end":{"line":69,"column":null}}},"fnMap":{"0":{"name":"Navbar","decl":{"start":{"line":9,"column":24},"end":{"line":9,"column":33}},"loc":{"start":{"line":9,"column":33},"end":{"line":85,"column":null}},"line":9},"1":{"name":"(anonymous_1)","decl":{"start":{"line":14,"column":23},"end":{"line":14,"column":29}},"loc":{"start":{"line":14,"column":29},"end":{"line":17,"column":null}},"line":14},"2":{"name":"(anonymous_2)","decl":{"start":{"line":26,"column":19},"end":{"line":26,"column":20}},"loc":{"start":{"line":26,"column":29},"end":{"line":28,"column":null}},"line":26},"3":{"name":"(anonymous_3)","decl":{"start":{"line":38,"column":21},"end":{"line":38,"column":27}},"loc":{"start":{"line":38,"column":27},"end":{"line":38,"column":null}},"line":38},"4":{"name":"(anonymous_4)","decl":{"start":{"line":62,"column":25},"end":{"line":62,"column":26}},"loc":{"start":{"line":62,"column":35},"end":{"line":80,"column":11}},"line":62},"5":{"name":"(anonymous_5)","decl":{"start":{"line":69,"column":25},"end":{"line":69,"column":31}},"loc":{"start":{"line":69,"column":31},"end":{"line":69,"column":null}},"line":69}},"branchMap":{"0":{"loc":{"start":{"line":71,"column":18},"end":{"line":73,"column":null}},"type":"cond-expr","locations":[{"start":{"line":72,"column":22},"end":{"line":72,"column":null}},{"start":{"line":73,"column":22},"end":{"line":73,"column":null}}],"line":71}},"s":{"0":7,"1":7,"2":7,"3":7,"4":0,"5":0,"6":7,"7":7,"8":28,"9":7,"10":0,"11":28,"12":28,"13":28,"14":0},"f":{"0":7,"1":0,"2":28,"3":0,"4":28,"5":0},"b":{"0":[0,28]},"meta":{"lastBranch":1,"lastFunction":6,"lastStatement":15,"seen":{"f:9:24:9:33":0,"s:10:8:10:Infinity":0,"s:11:8:11:Infinity":1,"s:12:23:12:Infinity":2,"s:14:23:17:Infinity":3,"f:14:23:14:29":1,"s:15:4:15:Infinity":4,"s:16:4:16:Infinity":5,"s:19:20:24:Infinity":6,"s:26:19:28:Infinity":7,"f:26:19:26:20":2,"s:27:4:27:Infinity":8,"s:30:2:83:Infinity":9,"f:38:21:38:27":3,"s:38:27:38:Infinity":10,"f:62:25:62:26":4,"s:63:25:63:Infinity":11,"s:64:27:64:Infinity":12,"s:66:12:78:Infinity":13,"f:69:25:69:31":5,"s:69:31:69:Infinity":14,"b:72:22:72:Infinity:73:22:73:Infinity":0}}}
,"/Users/Isalenert/Documents/lm-conciliation/frontend/src/components/PrivateRoute.jsx": {"path":"/Users/Isalenert/Documents/lm-conciliation/frontend/src/components/PrivateRoute.jsx","statementMap":{"0":{"start":{"line":10,"column":35},"end":{"line":10,"column":null}},"1":{"start":{"line":12,"column":2},"end":{"line":21,"column":null}},"2":{"start":{"line":13,"column":4},"end":{"line":19,"column":null}},"3":{"start":{"line":23,"column":2},"end":{"line":25,"column":null}},"4":{"start":{"line":24,"column":4},"end":{"line":24,"column":null}},"5":{"start":{"line":27,"column":2},"end":{"line":27,"column":null}}},"fnMap":{"0":{"name":"PrivateRoute","decl":{"start":{"line":9,"column":24},"end":{"line":9,"column":37}},"loc":{"start":{"line":9,"column":51},"end":{"line":28,"column":null}},"line":9}},"branchMap":{"0":{"loc":{"start":{"line":12,"column":2},"end":{"line":21,"column":null}},"type":"if","locations":[{"start":{"line":12,"column":2},"end":{"line":21,"column":null}},{"start":{},"end":{}}],"line":12},"1":{"loc":{"start":{"line":23,"column":2},"end":{"line":25,"column":null}},"type":"if","locations":[{"start":{"line":23,"column":2},"end":{"line":25,"column":null}},{"start":{},"end":{}}],"line":23}},"s":{"0":1,"1":1,"2":0,"3":1,"4":1,"5":0},"f":{"0":1},"b":{"0":[0,1],"1":[1,0]},"meta":{"lastBranch":2,"lastFunction":1,"lastStatement":6,"seen":{"f:9:24:9:37":0,"s:10:35:10:Infinity":0,"b:12:2:21:Infinity:undefined:undefined:undefined:undefined":0,"s:12:2:21:Infinity":1,"s:13:4:19:Infinity":2,"b:23:2:25:Infinity:undefined:undefined:undefined:undefined":1,"s:23:2:25:Infinity":3,"s:24:4:24:Infinity":4,"s:27:2:27:Infinity":5}}}
,"/Users/Isalenert/Documents/lm-conciliation/frontend/src/components/PublicNavbar.jsx": {"path":"/Users/Isalenert/Documents/lm-conciliation/frontend/src/components/PublicNavbar.jsx","statementMap":{"0":{"start":{"line":9,"column":8},"end":{"line":9,"column":null}},"1":{"start":{"line":11,"column":2},"end":{"line":39,"column":null}},"2":{"start":{"line":16,"column":25},"end":{"line":16,"column":null}},"3":{"start":{"line":24,"column":27},"end":{"line":24,"column":null}},"4":{"start":{"line":31,"column":27},"end":{"line":31,"column":null}}},"fnMap":{"0":{"name":"PublicNavbar","decl":{"start":{"line":8,"column":24},"end":{"line":8,"column":39}},"loc":{"start":{"line":8,"column":39},"end":{"line":41,"column":null}},"line":8},"1":{"name":"(anonymous_1)","decl":{"start":{"line":16,"column":19},"end":{"line":16,"column":25}},"loc":{"start":{"line":16,"column":25},"end":{"line":16,"column":null}},"line":16},"2":{"name":"(anonymous_2)","decl":{"start":{"line":24,"column":21},"end":{"line":24,"column":27}},"loc":{"start":{"line":24,"column":27},"end":{"line":24,"column":null}},"line":24},"3":{"name":"(anonymous_3)","decl":{"start":{"line":31,"column":21},"end":{"line":31,"column":27}},"loc":{"start":{"line":31,"column":27},"end":{"line":31,"column":null}},"line":31}},"branchMap":{},"s":{"0":9,"1":9,"2":0,"3":0,"4":0},"f":{"0":9,"1":0,"2":0,"3":0},"b":{},"meta":{"lastBranch":0,"lastFunction":4,"lastStatement":5,"seen":{"f:8:24:8:39":0,"s:9:8:9:Infinity":0,"s:11:2:39:Infinity":1,"f:16:19:16:25":1,"s:16:25:16:Infinity":2,"f:24:21:24:27":2,"s:24:27:24:Infinity":3,"f:31:21:31:27":3,"s:31:27:31:Infinity":4}}}
,"/Users/Isalenert/Documents/lm-conciliation/frontend/src/contexts/AuthContext.jsx": {"path":"/Users/Isalenert/Documents/lm-conciliation/frontend/src/contexts/AuthContext.jsx","statementMap":{"0":{"start":{"line":9,"column":6},"end":{"line":9,"column":null}},"1":{"start":{"line":11,"column":16},"end":{"line":11,"column":null}},"2":{"start":{"line":14,"column":22},"end":{"line":14,"column":null}},"3":{"start":{"line":15,"column":24},"end":{"line":15,"column":null}},"4":{"start":{"line":16,"column":28},"end":{"line":16,"column":null}},"5":{"start":{"line":19,"column":2},"end":{"line":27,"column":null}},"6":{"start":{"line":20,"column":23},"end":{"line":20,"column":null}},"7":{"start":{"line":21,"column":4},"end":{"line":26,"column":null}},"8":{"start":{"line":22,"column":6},"end":{"line":22,"column":null}},"9":{"start":{"line":23,"column":6},"end":{"line":23,"column":null}},"10":{"start":{"line":25,"column":6},"end":{"line":25,"column":null}},"11":{"start":{"line":30,"column":19},"end":{"line":44,"column":null}},"12":{"start":{"line":31,"column":4},"end":{"line":43,"column":null}},"13":{"start":{"line":32,"column":23},"end":{"line":36,"column":null}},"14":{"start":{"line":37,"column":6},"end":{"line":37,"column":null}},"15":{"start":{"line":39,"column":6},"end":{"line":39,"column":null}},"16":{"start":{"line":40,"column":6},"end":{"line":40,"column":null}},"17":{"start":{"line":42,"column":6},"end":{"line":42,"column":null}},"18":{"start":{"line":47,"column":16},"end":{"line":69,"column":null}},"19":{"start":{"line":48,"column":4},"end":{"line":68,"column":null}},"20":{"start":{"line":49,"column":23},"end":{"line":52,"column":null}},"21":{"start":{"line":54,"column":31},"end":{"line":54,"column":null}},"22":{"start":{"line":56,"column":6},"end":{"line":56,"column":null}},"23":{"start":{"line":57,"column":6},"end":{"line":57,"column":null}},"24":{"start":{"line":59,"column":6},"end":{"line":59,"column":null}},"25":{"start":{"line":61,"column":6},"end":{"line":61,"column":null}},"26":{"start":{"line":63,"column":6},"end":{"line":63,"column":null}},"27":{"start":{"line":64,"column":6},"end":{"line":67,"column":null}},"28":{"start":{"line":72,"column":17},"end":{"line":89,"column":null}},"29":{"start":{"line":73,"column":4},"end":{"line":88,"column":null}},"30":{"start":{"line":74,"column":6},"end":{"line":78,"column":null}},"31":{"start":{"line":81,"column":6},"end":{"line":81,"column":null}},"32":{"start":{"line":83,"column":6},"end":{"line":83,"column":null}},"33":{"start":{"line":84,"column":6},"end":{"line":87,"column":null}},"34":{"start":{"line":92,"column":17},"end":{"line":96,"column":null}},"35":{"start":{"line":93,"column":4},"end":{"line":93,"column":null}},"36":{"start":{"line":94,"column":4},"end":{"line":94,"column":null}},"37":{"start":{"line":95,"column":4},"end":{"line":95,"column":null}},"38":{"start":{"line":98,"column":16},"end":{"line":106,"column":null}},"39":{"start":{"line":108,"column":2},"end":{"line":108,"column":null}},"40":{"start":{"line":113,"column":8},"end":{"line":113,"column":null}},"41":{"start":{"line":114,"column":2},"end":{"line":116,"column":null}},"42":{"start":{"line":115,"column":4},"end":{"line":115,"column":null}},"43":{"start":{"line":117,"column":2},"end":{"line":117,"column":null}}},"fnMap":{"0":{"name":"AuthProvider","decl":{"start":{"line":13,"column":16},"end":{"line":13,"column":29}},"loc":{"start":{"line":13,"column":43},"end":{"line":109,"column":null}},"line":13},"1":{"name":"(anonymous_1)","decl":{"start":{"line":19,"column":12},"end":{"line":19,"column":18}},"loc":{"start":{"line":19,"column":18},"end":{"line":27,"column":5}},"line":19},"2":{"name":"(anonymous_2)","decl":{"start":{"line":30,"column":19},"end":{"line":30,"column":26}},"loc":{"start":{"line":30,"column":40},"end":{"line":44,"column":null}},"line":30},"3":{"name":"(anonymous_3)","decl":{"start":{"line":47,"column":16},"end":{"line":47,"column":23}},"loc":{"start":{"line":47,"column":43},"end":{"line":69,"column":null}},"line":47},"4":{"name":"(anonymous_4)","decl":{"start":{"line":72,"column":17},"end":{"line":72,"column":24}},"loc":{"start":{"line":72,"column":50},"end":{"line":89,"column":null}},"line":72},"5":{"name":"(anonymous_5)","decl":{"start":{"line":92,"column":17},"end":{"line":92,"column":23}},"loc":{"start":{"line":92,"column":23},"end":{"line":96,"column":null}},"line":92},"6":{"name":"useAuth","decl":{"start":{"line":112,"column":16},"end":{"line":112,"column":26}},"loc":{"start":{"line":112,"column":26},"end":{"line":118,"column":null}},"line":112}},"branchMap":{"0":{"loc":{"start":{"line":11,"column":16},"end":{"line":11,"column":null}},"type":"binary-expr","locations":[{"start":{"line":11,"column":16},"end":{"line":11,"column":48}},{"start":{"line":11,"column":48},"end":{"line":11,"column":null}}],"line":11},"1":{"loc":{"start":{"line":21,"column":4},"end":{"line":26,"column":null}},"type":"if","locations":[{"start":{"line":21,"column":4},"end":{"line":26,"column":null}},{"start":{"line":24,"column":11},"end":{"line":26,"column":null}}],"line":21},"2":{"loc":{"start":{"line":66,"column":15},"end":{"line":66,"column":null}},"type":"binary-expr","locations":[{"start":{"line":66,"column":15},"end":{"line":66,"column":47}},{"start":{"line":66,"column":47},"end":{"line":66,"column":null}}],"line":66},"3":{"loc":{"start":{"line":86,"column":15},"end":{"line":86,"column":null}},"type":"binary-expr","locations":[{"start":{"line":86,"column":15},"end":{"line":86,"column":47}},{"start":{"line":86,"column":47},"end":{"line":86,"column":null}}],"line":86},"4":{"loc":{"start":{"line":114,"column":2},"end":{"line":116,"column":null}},"type":"if","locations":[{"start":{"line":114,"column":2},"end":{"line":116,"column":null}},{"start":{},"end":{}}],"line":114}},"s":{"0":5,"1":5,"2":8,"3":8,"4":8,"5":8,"6":4,"7":4,"8":0,"9":0,"10":4,"11":8,"12":0,"13":0,"14":0,"15":0,"16":0,"17":0,"18":8,"19":0,"20":0,"21":0,"22":0,"23":0,"24":0,"25":0,"26":0,"27":0,"28":8,"29":0,"30":0,"31":0,"32":0,"33":0,"34":8,"35":0,"36":0,"37":0,"38":8,"39":8,"40":8,"41":8,"42":0,"43":8},"f":{"0":8,"1":4,"2":0,"3":0,"4":0,"5":0,"6":8},"b":{"0":[5,0],"1":[0,4],"2":[0,0],"3":[0,0],"4":[0,8]},"meta":{"lastBranch":5,"lastFunction":7,"lastStatement":44,"seen":{"s:9:6:9:Infinity":0,"s:11:16:11:Infinity":1,"b:11:16:11:48:11:48:11:Infinity":0,"f:13:16:13:29":0,"s:14:22:14:Infinity":2,"s:15:24:15:Infinity":3,"s:16:28:16:Infinity":4,"s:19:2:27:Infinity":5,"f:19:12:19:18":1,"s:20:23:20:Infinity":6,"b:21:4:26:Infinity:24:11:26:Infinity":1,"s:21:4:26:Infinity":7,"s:22:6:22:Infinity":8,"s:23:6:23:Infinity":9,"s:25:6:25:Infinity":10,"s:30:19:44:Infinity":11,"f:30:19:30:26":2,"s:31:4:43:Infinity":12,"s:32:23:36:Infinity":13,"s:37:6:37:Infinity":14,"s:39:6:39:Infinity":15,"s:40:6:40:Infinity":16,"s:42:6:42:Infinity":17,"s:47:16:69:Infinity":18,"f:47:16:47:23":3,"s:48:4:68:Infinity":19,"s:49:23:52:Infinity":20,"s:54:31:54:Infinity":21,"s:56:6:56:Infinity":22,"s:57:6:57:Infinity":23,"s:59:6:59:Infinity":24,"s:61:6:61:Infinity":25,"s:63:6:63:Infinity":26,"s:64:6:67:Infinity":27,"b:66:15:66:47:66:47:66:Infinity":2,"s:72:17:89:Infinity":28,"f:72:17:72:24":4,"s:73:4:88:Infinity":29,"s:74:6:78:Infinity":30,"s:81:6:81:Infinity":31,"s:83:6:83:Infinity":32,"s:84:6:87:Infinity":33,"b:86:15:86:47:86:47:86:Infinity":3,"s:92:17:96:Infinity":34,"f:92:17:92:23":5,"s:93:4:93:Infinity":35,"s:94:4:94:Infinity":36,"s:95:4:95:Infinity":37,"s:98:16:106:Infinity":38,"s:108:2:108:Infinity":39,"f:112:16:112:26":6,"s:113:8:113:Infinity":40,"b:114:2:116:Infinity:undefined:undefined:undefined:undefined":4,"s:114:2:116:Infinity":41,"s:115:4:115:Infinity":42,"s:117:2:117:Infinity":43}}}
,"/Users/Isalenert/Documents/lm-conciliation/frontend/src/pages/Dashboard.jsx": {"path":"/Users/Isalenert/Documents/lm-conciliation/frontend/src/pages/Dashboard.jsx","statementMap":{"0":{"start":{"line":12,"column":8},"end":{"line":12,"column":null}},"1":{"start":{"line":13,"column":23},"end":{"line":13,"column":null}},"2":{"start":{"line":14,"column":24},"end":{"line":14,"column":null}},"3":{"start":{"line":15,"column":28},"end":{"line":15,"column":null}},"4":{"start":{"line":17,"column":2},"end":{"line":19,"column":null}},"5":{"start":{"line":18,"column":4},"end":{"line":18,"column":null}},"6":{"start":{"line":21,"column":25},"end":{"line":30,"column":null}},"7":{"start":{"line":22,"column":4},"end":{"line":29,"column":null}},"8":{"start":{"line":23,"column":19},"end":{"line":23,"column":null}},"9":{"start":{"line":24,"column":6},"end":{"line":24,"column":null}},"10":{"start":{"line":26,"column":6},"end":{"line":26,"column":null}},"11":{"start":{"line":28,"column":6},"end":{"line":28,"column":null}},"12":{"start":{"line":32,"column":23},"end":{"line":35,"column":null}},"13":{"start":{"line":33,"column":4},"end":{"line":33,"column":null}},"14":{"start":{"line":34,"column":4},"end":{"line":34,"column":null}},"15":{"start":{"line":37,"column":2},"end":{"line":211,"column":null}},"16":{"start":{"line":75,"column":27},"end":{"line":75,"column":null}},"17":{"start":{"line":90,"column":27},"end":{"line":90,"column":null}},"18":{"start":{"line":105,"column":27},"end":{"line":105,"column":null}}},"fnMap":{"0":{"name":"Dashboard","decl":{"start":{"line":11,"column":24},"end":{"line":11,"column":36}},"loc":{"start":{"line":11,"column":36},"end":{"line":213,"column":null}},"line":11},"1":{"name":"(anonymous_1)","decl":{"start":{"line":17,"column":12},"end":{"line":17,"column":18}},"loc":{"start":{"line":17,"column":18},"end":{"line":19,"column":5}},"line":17},"2":{"name":"(anonymous_2)","decl":{"start":{"line":21,"column":25},"end":{"line":21,"column":37}},"loc":{"start":{"line":21,"column":37},"end":{"line":30,"column":null}},"line":21},"3":{"name":"(anonymous_3)","decl":{"start":{"line":32,"column":23},"end":{"line":32,"column":29}},"loc":{"start":{"line":32,"column":29},"end":{"line":35,"column":null}},"line":32},"4":{"name":"(anonymous_4)","decl":{"start":{"line":75,"column":21},"end":{"line":75,"column":27}},"loc":{"start":{"line":75,"column":27},"end":{"line":75,"column":null}},"line":75},"5":{"name":"(anonymous_5)","decl":{"start":{"line":90,"column":21},"end":{"line":90,"column":27}},"loc":{"start":{"line":90,"column":27},"end":{"line":90,"column":null}},"line":90},"6":{"name":"(anonymous_6)","decl":{"start":{"line":105,"column":21},"end":{"line":105,"column":27}},"loc":{"start":{"line":105,"column":27},"end":{"line":105,"column":null}},"line":105}},"branchMap":{"0":{"loc":{"start":{"line":140,"column":11},"end":{"line":178,"column":null}},"type":"cond-expr","locations":[{"start":{"line":141,"column":12},"end":{"line":143,"column":null}},{"start":{"line":144,"column":14},"end":{"line":178,"column":null}}],"line":140},"1":{"loc":{"start":{"line":144,"column":14},"end":{"line":178,"column":null}},"type":"cond-expr","locations":[{"start":{"line":145,"column":12},"end":{"line":158,"column":null}},{"start":{"line":160,"column":12},"end":{"line":178,"column":null}}],"line":144},"2":{"loc":{"start":{"line":144,"column":14},"end":{"line":144,"column":null}},"type":"binary-expr","locations":[{"start":{"line":144,"column":14},"end":{"line":144,"column":23}},{"start":{"line":144,"column":23},"end":{"line":144,"column":null}}],"line":144}},"s":{"0":1,"1":1,"2":1,"3":1,"4":1,"5":1,"6":1,"7":1,"8":1,"9":0,"10":0,"11":0,"12":1,"13":0,"14":0,"15":1,"16":0,"17":0,"18":0},"f":{"0":1,"1":1,"2":1,"3":0,"4":0,"5":0,"6":0},"b":{"0":[1,0],"1":[0,0],"2":[0,0]},"meta":{"lastBranch":3,"lastFunction":7,"lastStatement":19,"seen":{"f:11:24:11:36":0,"s:12:8:12:Infinity":0,"s:13:23:13:Infinity":1,"s:14:24:14:Infinity":2,"s:15:28:15:Infinity":3,"s:17:2:19:Infinity":4,"f:17:12:17:18":1,"s:18:4:18:Infinity":5,"s:21:25:30:Infinity":6,"f:21:25:21:37":2,"s:22:4:29:Infinity":7,"s:23:19:23:Infinity":8,"s:24:6:24:Infinity":9,"s:26:6:26:Infinity":10,"s:28:6:28:Infinity":11,"s:32:23:35:Infinity":12,"f:32:23:32:29":3,"s:33:4:33:Infinity":13,"s:34:4:34:Infinity":14,"s:37:2:211:Infinity":15,"f:75:21:75:27":4,"s:75:27:75:Infinity":16,"f:90:21:90:27":5,"s:90:27:90:Infinity":17,"f:105:21:105:27":6,"s:105:27:105:Infinity":18,"b:141:12:143:Infinity:144:14:178:Infinity":0,"b:145:12:158:Infinity:160:12:178:Infinity":1,"b:144:14:144:23:144:23:144:Infinity":2}}}
,"/Users/Isalenert/Documents/lm-conciliation/frontend/src/pages/ForgotPassword.jsx": {"path":"/Users/Isalenert/Documents/lm-conciliation/frontend/src/pages/ForgotPassword.jsx","statementMap":{"0":{"start":{"line":11,"column":24},"end":{"line":11,"column":null}},"1":{"start":{"line":12,"column":28},"end":{"line":12,"column":null}},"2":{"start":{"line":13,"column":28},"end":{"line":13,"column":null}},"3":{"start":{"line":15,"column":23},"end":{"line":37,"column":null}},"4":{"start":{"line":16,"column":4},"end":{"line":16,"column":null}},"5":{"start":{"line":17,"column":4},"end":{"line":17,"column":null}},"6":{"start":{"line":18,"column":4},"end":{"line":18,"column":null}},"7":{"start":{"line":20,"column":4},"end":{"line":36,"column":null}},"8":{"start":{"line":21,"column":23},"end":{"line":21,"column":null}},"9":{"start":{"line":23,"column":6},"end":{"line":27,"column":null}},"10":{"start":{"line":29,"column":6},"end":{"line":33,"column":null}},"11":{"start":{"line":35,"column":6},"end":{"line":35,"column":null}},"12":{"start":{"line":39,"column":2},"end":{"line":140,"column":null}},"13":{"start":{"line":112,"column":37},"end":{"line":112,"column":null}}},"fnMap":{"0":{"name":"ForgotPassword","decl":{"start":{"line":10,"column":24},"end":{"line":10,"column":41}},"loc":{"start":{"line":10,"column":41},"end":{"line":142,"column":null}},"line":10},"1":{"name":"(anonymous_1)","decl":{"start":{"line":15,"column":23},"end":{"line":15,"column":30}},"loc":{"start":{"line":15,"column":36},"end":{"line":37,"column":null}},"line":15},"2":{"name":"(anonymous_2)","decl":{"start":{"line":112,"column":30},"end":{"line":112,"column":31}},"loc":{"start":{"line":112,"column":37},"end":{"line":112,"column":null}},"line":112}},"branchMap":{"0":{"loc":{"start":{"line":31,"column":14},"end":{"line":31,"column":null}},"type":"binary-expr","locations":[{"start":{"line":31,"column":14},"end":{"line":31,"column":44}},{"start":{"line":31,"column":44},"end":{"line":31,"column":null}}],"line":31},"1":{"loc":{"start":{"line":48,"column":11},"end":{"line":86,"column":null}},"type":"binary-expr","locations":[{"start":{"line":48,"column":11},"end":{"line":48,"column":null}},{"start":{"line":49,"column":12},"end":{"line":86,"column":null}}],"line":48},"2":{"loc":{"start":{"line":51,"column":16},"end":{"line":53,"column":null}},"type":"cond-expr","locations":[{"start":{"line":52,"column":20},"end":{"line":52,"column":null}},{"start":{"line":53,"column":20},"end":{"line":53,"column":null}}],"line":51},"3":{"loc":{"start":{"line":56,"column":15},"end":{"line":59,"column":null}},"type":"cond-expr","locations":[{"start":{"line":57,"column":16},"end":{"line":57,"column":null}},{"start":{"line":59,"column":16},"end":{"line":59,"column":null}}],"line":56},"4":{"loc":{"start":{"line":64,"column":20},"end":{"line":64,"column":null}},"type":"cond-expr","locations":[{"start":{"line":64,"column":49},"end":{"line":64,"column":68}},{"start":{"line":64,"column":68},"end":{"line":64,"column":null}}],"line":64},"5":{"loc":{"start":{"line":69,"column":17},"end":{"line":83,"column":null}},"type":"binary-expr","locations":[{"start":{"line":69,"column":17},"end":{"line":69,"column":null}},{"start":{"line":70,"column":18},"end":{"line":83,"column":null}}],"line":69},"6":{"loc":{"start":{"line":89,"column":11},"end":{"line":126,"column":null}},"type":"binary-expr","locations":[{"start":{"line":89,"column":11},"end":{"line":89,"column":null}},{"start":{"line":90,"column":12},"end":{"line":126,"column":null}}],"line":89},"7":{"loc":{"start":{"line":123,"column":19},"end":{"line":123,"column":null}},"type":"cond-expr","locations":[{"start":{"line":123,"column":29},"end":{"line":123,"column":45}},{"start":{"line":123,"column":45},"end":{"line":123,"column":null}}],"line":123}},"s":{"0":1,"1":1,"2":1,"3":1,"4":0,"5":0,"6":0,"7":0,"8":0,"9":0,"10":0,"11":0,"12":1,"13":0},"f":{"0":1,"1":0,"2":0},"b":{"0":[0,0],"1":[1,0],"2":[0,0],"3":[0,0],"4":[0,0],"5":[0,0],"6":[1,1],"7":[0,1]},"meta":{"lastBranch":8,"lastFunction":3,"lastStatement":14,"seen":{"f:10:24:10:41":0,"s:11:24:11:Infinity":0,"s:12:28:12:Infinity":1,"s:13:28:13:Infinity":2,"s:15:23:37:Infinity":3,"f:15:23:15:30":1,"s:16:4:16:Infinity":4,"s:17:4:17:Infinity":5,"s:18:4:18:Infinity":6,"s:20:4:36:Infinity":7,"s:21:23:21:Infinity":8,"s:23:6:27:Infinity":9,"s:29:6:33:Infinity":10,"b:31:14:31:44:31:44:31:Infinity":0,"s:35:6:35:Infinity":11,"s:39:2:140:Infinity":12,"b:48:11:48:Infinity:49:12:86:Infinity":1,"b:52:20:52:Infinity:53:20:53:Infinity":2,"b:57:16:57:Infinity:59:16:59:Infinity":3,"b:64:49:64:68:64:68:64:Infinity":4,"b:69:17:69:Infinity:70:18:83:Infinity":5,"b:89:11:89:Infinity:90:12:126:Infinity":6,"f:112:30:112:31":2,"s:112:37:112:Infinity":13,"b:123:29:123:45:123:45:123:Infinity":7}}}
,"/Users/Isalenert/Documents/lm-conciliation/frontend/src/pages/History.jsx": {"path":"/Users/Isalenert/Documents/lm-conciliation/frontend/src/pages/History.jsx","statementMap":{"0":{"start":{"line":12,"column":8},"end":{"line":12,"column":null}},"1":{"start":{"line":13,"column":44},"end":{"line":13,"column":null}},"2":{"start":{"line":14,"column":28},"end":{"line":14,"column":null}},"3":{"start":{"line":15,"column":24},"end":{"line":15,"column":null}},"4":{"start":{"line":17,"column":2},"end":{"line":19,"column":null}},"5":{"start":{"line":18,"column":4},"end":{"line":18,"column":null}},"6":{"start":{"line":21,"column":22},"end":{"line":32,"column":null}},"7":{"start":{"line":22,"column":4},"end":{"line":31,"column":null}},"8":{"start":{"line":23,"column":6},"end":{"line":23,"column":null}},"9":{"start":{"line":24,"column":6},"end":{"line":24,"column":null}},"10":{"start":{"line":25,"column":19},"end":{"line":25,"column":null}},"11":{"start":{"line":26,"column":6},"end":{"line":26,"column":null}},"12":{"start":{"line":28,"column":6},"end":{"line":28,"column":null}},"13":{"start":{"line":30,"column":6},"end":{"line":30,"column":null}},"14":{"start":{"line":34,"column":21},"end":{"line":43,"column":null}},"15":{"start":{"line":35,"column":17},"end":{"line":35,"column":null}},"16":{"start":{"line":36,"column":4},"end":{"line":42,"column":null}},"17":{"start":{"line":45,"column":28},"end":{"line":49,"column":null}},"18":{"start":{"line":46,"column":4},"end":{"line":46,"column":null}},"19":{"start":{"line":46,"column":20},"end":{"line":46,"column":null}},"20":{"start":{"line":47,"column":4},"end":{"line":47,"column":null}},"21":{"start":{"line":47,"column":20},"end":{"line":47,"column":null}},"22":{"start":{"line":48,"column":4},"end":{"line":48,"column":null}},"23":{"start":{"line":51,"column":2},"end":{"line":60,"column":null}},"24":{"start":{"line":52,"column":4},"end":{"line":58,"column":null}},"25":{"start":{"line":62,"column":2},"end":{"line":170,"column":null}},"26":{"start":{"line":90,"column":29},"end":{"line":90,"column":null}},"27":{"start":{"line":99,"column":14},"end":{"line":165,"column":null}},"28":{"start":{"line":158,"column":35},"end":{"line":158,"column":null}}},"fnMap":{"0":{"name":"History","decl":{"start":{"line":11,"column":24},"end":{"line":11,"column":34}},"loc":{"start":{"line":11,"column":34},"end":{"line":172,"column":null}},"line":11},"1":{"name":"(anonymous_1)","decl":{"start":{"line":17,"column":12},"end":{"line":17,"column":18}},"loc":{"start":{"line":17,"column":18},"end":{"line":19,"column":5}},"line":17},"2":{"name":"(anonymous_2)","decl":{"start":{"line":21,"column":22},"end":{"line":21,"column":34}},"loc":{"start":{"line":21,"column":34},"end":{"line":32,"column":null}},"line":21},"3":{"name":"(anonymous_3)","decl":{"start":{"line":34,"column":21},"end":{"line":34,"column":22}},"loc":{"start":{"line":34,"column":37},"end":{"line":43,"column":null}},"line":34},"4":{"name":"(anonymous_4)","decl":{"start":{"line":45,"column":28},"end":{"line":45,"column":29}},"loc":{"start":{"line":45,"column":38},"end":{"line":49,"column":null}},"line":45},"5":{"name":"(anonymous_5)","decl":{"start":{"line":90,"column":23},"end":{"line":90,"column":29}},"loc":{"start":{"line":90,"column":29},"end":{"line":90,"column":null}},"line":90},"6":{"name":"(anonymous_6)","decl":{"start":{"line":98,"column":33},"end":{"line":98,"column":34}},"loc":{"start":{"line":99,"column":14},"end":{"line":165,"column":null}},"line":99},"7":{"name":"(anonymous_7)","decl":{"start":{"line":158,"column":29},"end":{"line":158,"column":35}},"loc":{"start":{"line":158,"column":35},"end":{"line":158,"column":null}},"line":158}},"branchMap":{"0":{"loc":{"start":{"line":46,"column":4},"end":{"line":46,"column":null}},"type":"if","locations":[{"start":{"line":46,"column":4},"end":{"line":46,"column":null}},{"start":{},"end":{}}],"line":46},"1":{"loc":{"start":{"line":47,"column":4},"end":{"line":47,"column":null}},"type":"if","locations":[{"start":{"line":47,"column":4},"end":{"line":47,"column":null}},{"start":{},"end":{}}],"line":47},"2":{"loc":{"start":{"line":51,"column":2},"end":{"line":60,"column":null}},"type":"if","locations":[{"start":{"line":51,"column":2},"end":{"line":60,"column":null}},{"start":{},"end":{}}],"line":51},"3":{"loc":{"start":{"line":74,"column":9},"end":{"line":77,"column":null}},"type":"binary-expr","locations":[{"start":{"line":74,"column":9},"end":{"line":74,"column":null}},{"start":{"line":75,"column":10},"end":{"line":77,"column":null}}],"line":74},"4":{"loc":{"start":{"line":80,"column":9},"end":{"line":167,"column":null}},"type":"cond-expr","locations":[{"start":{"line":81,"column":10},"end":{"line":95,"column":null}},{"start":{"line":97,"column":10},"end":{"line":167,"column":null}}],"line":80}},"s":{"0":1,"1":1,"2":1,"3":1,"4":1,"5":1,"6":1,"7":1,"8":1,"9":1,"10":1,"11":0,"12":0,"13":0,"14":1,"15":0,"16":0,"17":1,"18":0,"19":0,"20":0,"21":0,"22":0,"23":1,"24":1,"25":0,"26":0,"27":0,"28":0},"f":{"0":1,"1":1,"2":1,"3":0,"4":0,"5":0,"6":0,"7":0},"b":{"0":[0,0],"1":[0,0],"2":[1,0],"3":[0,0],"4":[0,0]},"meta":{"lastBranch":5,"lastFunction":8,"lastStatement":29,"seen":{"f:11:24:11:34":0,"s:12:8:12:Infinity":0,"s:13:44:13:Infinity":1,"s:14:28:14:Infinity":2,"s:15:24:15:Infinity":3,"s:17:2:19:Infinity":4,"f:17:12:17:18":1,"s:18:4:18:Infinity":5,"s:21:22:32:Infinity":6,"f:21:22:21:34":2,"s:22:4:31:Infinity":7,"s:23:6:23:Infinity":8,"s:24:6:24:Infinity":9,"s:25:19:25:Infinity":10,"s:26:6:26:Infinity":11,"s:28:6:28:Infinity":12,"s:30:6:30:Infinity":13,"s:34:21:43:Infinity":14,"f:34:21:34:22":3,"s:35:17:35:Infinity":15,"s:36:4:42:Infinity":16,"s:45:28:49:Infinity":17,"f:45:28:45:29":4,"b:46:4:46:Infinity:undefined:undefined:undefined:undefined":0,"s:46:4:46:Infinity":18,"s:46:20:46:Infinity":19,"b:47:4:47:Infinity:undefined:undefined:undefined:undefined":1,"s:47:4:47:Infinity":20,"s:47:20:47:Infinity":21,"s:48:4:48:Infinity":22,"b:51:2:60:Infinity:undefined:undefined:undefined:undefined":2,"s:51:2:60:Infinity":23,"s:52:4:58:Infinity":24,"s:62:2:170:Infinity":25,"b:74:9:74:Infinity:75:10:77:Infinity":3,"b:81:10:95:Infinity:97:10:167:Infinity":4,"f:90:23:90:29":5,"s:90:29:90:Infinity":26,"f:98:33:98:34":6,"s:99:14:165:Infinity":27,"f:158:29:158:35":7,"s:158:35:158:Infinity":28}}}
,"/Users/Isalenert/Documents/lm-conciliation/frontend/src/pages/Home.jsx": {"path":"/Users/Isalenert/Documents/lm-conciliation/frontend/src/pages/Home.jsx","statementMap":{"0":{"start":{"line":12,"column":8},"end":{"line":12,"column":null}},"1":{"start":{"line":13,"column":26},"end":{"line":13,"column":null}},"2":{"start":{"line":15,"column":2},"end":{"line":19,"column":null}},"3":{"start":{"line":16,"column":4},"end":{"line":18,"column":null}},"4":{"start":{"line":17,"column":6},"end":{"line":17,"column":null}},"5":{"start":{"line":21,"column":2},"end":{"line":147,"column":null}},"6":{"start":{"line":37,"column":27},"end":{"line":37,"column":null}},"7":{"start":{"line":133,"column":27},"end":{"line":133,"column":null}}},"fnMap":{"0":{"name":"Home","decl":{"start":{"line":11,"column":24},"end":{"line":11,"column":31}},"loc":{"start":{"line":11,"column":31},"end":{"line":149,"column":null}},"line":11},"1":{"name":"(anonymous_1)","decl":{"start":{"line":15,"column":12},"end":{"line":15,"column":18}},"loc":{"start":{"line":15,"column":18},"end":{"line":19,"column":5}},"line":15},"2":{"name":"(anonymous_2)","decl":{"start":{"line":37,"column":21},"end":{"line":37,"column":27}},"loc":{"start":{"line":37,"column":27},"end":{"line":37,"column":null}},"line":37},"3":{"name":"(anonymous_3)","decl":{"start":{"line":133,"column":21},"end":{"line":133,"column":27}},"loc":{"start":{"line":133,"column":27},"end":{"line":133,"column":null}},"line":133}},"branchMap":{"0":{"loc":{"start":{"line":16,"column":4},"end":{"line":18,"column":null}},"type":"if","locations":[{"start":{"line":16,"column":4},"end":{"line":18,"column":null}},{"start":{},"end":{}}],"line":16}},"s":{"0":8,"1":8,"2":8,"3":6,"4":0,"5":8,"6":0,"7":0},"f":{"0":8,"1":6,"2":0,"3":0},"b":{"0":[0,6]},"meta":{"lastBranch":1,"lastFunction":4,"lastStatement":8,"seen":{"f:11:24:11:31":0,"s:12:8:12:Infinity":0,"s:13:26:13:Infinity":1,"s:15:2:19:Infinity":2,"f:15:12:15:18":1,"b:16:4:18:Infinity:undefined:undefined:undefined:undefined":0,"s:16:4:18:Infinity":3,"s:17:6:17:Infinity":4,"s:21:2:147:Infinity":5,"f:37:21:37:27":2,"s:37:27:37:Infinity":6,"f:133:21:133:27":3,"s:133:27:133:Infinity":7}}}
,"/Users/Isalenert/Documents/lm-conciliation/frontend/src/pages/Login.jsx": {"path":"/Users/Isalenert/Documents/lm-conciliation/frontend/src/pages/Login.jsx","statementMap":{"0":{"start":{"line":11,"column":8},"end":{"line":11,"column":null}},"1":{"start":{"line":12,"column":16},"end":{"line":12,"column":null}},"2":{"start":{"line":14,"column":30},"end":{"line":17,"column":null}},"3":{"start":{"line":18,"column":24},"end":{"line":18,"column":null}},"4":{"start":{"line":19,"column":28},"end":{"line":19,"column":null}},"5":{"start":{"line":21,"column":23},"end":{"line":34,"column":null}},"6":{"start":{"line":22,"column":4},"end":{"line":22,"column":null}},"7":{"start":{"line":23,"column":4},"end":{"line":23,"column":null}},"8":{"start":{"line":24,"column":4},"end":{"line":24,"column":null}},"9":{"start":{"line":26,"column":19},"end":{"line":26,"column":null}},"10":{"start":{"line":28,"column":4},"end":{"line":33,"column":null}},"11":{"start":{"line":29,"column":6},"end":{"line":29,"column":null}},"12":{"start":{"line":31,"column":6},"end":{"line":31,"column":null}},"13":{"start":{"line":32,"column":6},"end":{"line":32,"column":null}},"14":{"start":{"line":36,"column":2},"end":{"line":117,"column":null}},"15":{"start":{"line":63,"column":33},"end":{"line":63,"column":null}},"16":{"start":{"line":77,"column":33},"end":{"line":77,"column":null}}},"fnMap":{"0":{"name":"Login","decl":{"start":{"line":10,"column":24},"end":{"line":10,"column":32}},"loc":{"start":{"line":10,"column":32},"end":{"line":119,"column":null}},"line":10},"1":{"name":"(anonymous_1)","decl":{"start":{"line":21,"column":23},"end":{"line":21,"column":30}},"loc":{"start":{"line":21,"column":36},"end":{"line":34,"column":null}},"line":21},"2":{"name":"(anonymous_2)","decl":{"start":{"line":63,"column":26},"end":{"line":63,"column":27}},"loc":{"start":{"line":63,"column":33},"end":{"line":63,"column":null}},"line":63},"3":{"name":"(anonymous_3)","decl":{"start":{"line":77,"column":26},"end":{"line":77,"column":27}},"loc":{"start":{"line":77,"column":33},"end":{"line":77,"column":null}},"line":77}},"branchMap":{"0":{"loc":{"start":{"line":28,"column":4},"end":{"line":33,"column":null}},"type":"if","locations":[{"start":{"line":28,"column":4},"end":{"line":33,"column":null}},{"start":{"line":30,"column":11},"end":{"line":33,"column":null}}],"line":28},"1":{"loc":{"start":{"line":47,"column":11},"end":{"line":51,"column":null}},"type":"binary-expr","locations":[{"start":{"line":47,"column":11},"end":{"line":47,"column":null}},{"start":{"line":48,"column":12},"end":{"line":51,"column":null}}],"line":47},"2":{"loc":{"start":{"line":97,"column":15},"end":{"line":97,"column":null}},"type":"cond-expr","locations":[{"start":{"line":97,"column":25},"end":{"line":97,"column":41}},{"start":{"line":97,"column":41},"end":{"line":97,"column":null}}],"line":97}},"s":{"0":1,"1":1,"2":1,"3":1,"4":1,"5":1,"6":0,"7":0,"8":0,"9":0,"10":0,"11":0,"12":0,"13":0,"14":1,"15":0,"16":0},"f":{"0":1,"1":0,"2":0,"3":0},"b":{"0":[0,0],"1":[1,0],"2":[0,1]},"meta":{"lastBranch":3,"lastFunction":4,"lastStatement":17,"seen":{"f:10:24:10:32":0,"s:11:8:11:Infinity":0,"s:12:16:12:Infinity":1,"s:14:30:17:Infinity":2,"s:18:24:18:Infinity":3,"s:19:28:19:Infinity":4,"s:21:23:34:Infinity":5,"f:21:23:21:30":1,"s:22:4:22:Infinity":6,"s:23:4:23:Infinity":7,"s:24:4:24:Infinity":8,"s:26:19:26:Infinity":9,"b:28:4:33:Infinity:30:11:33:Infinity":0,"s:28:4:33:Infinity":10,"s:29:6:29:Infinity":11,"s:31:6:31:Infinity":12,"s:32:6:32:Infinity":13,"s:36:2:117:Infinity":14,"b:47:11:47:Infinity:48:12:51:Infinity":1,"f:63:26:63:27":2,"s:63:33:63:Infinity":15,"f:77:26:77:27":3,"s:77:33:77:Infinity":16,"b:97:25:97:41:97:41:97:Infinity":2}}}
,"/Users/Isalenert/Documents/lm-conciliation/frontend/src/pages/ManualReconciliation.jsx": {"path":"/Users/Isalenert/Documents/lm-conciliation/frontend/src/pages/ManualReconciliation.jsx","statementMap":{"0":{"start":{"line":12,"column":13},"end":{"line":12,"column":null}},"1":{"start":{"line":13,"column":8},"end":{"line":13,"column":null}},"2":{"start":{"line":15,"column":22},"end":{"line":15,"column":null}},"3":{"start":{"line":16,"column":28},"end":{"line":16,"column":null}},"4":{"start":{"line":17,"column":24},"end":{"line":17,"column":null}},"5":{"start":{"line":18,"column":30},"end":{"line":18,"column":null}},"6":{"start":{"line":20,"column":38},"end":{"line":20,"column":null}},"7":{"start":{"line":21,"column":46},"end":{"line":21,"column":null}},"8":{"start":{"line":23,"column":2},"end":{"line":25,"column":null}},"9":{"start":{"line":24,"column":4},"end":{"line":24,"column":null}},"10":{"start":{"line":27,"column":22},"end":{"line":38,"column":null}},"11":{"start":{"line":28,"column":4},"end":{"line":37,"column":null}},"12":{"start":{"line":29,"column":6},"end":{"line":29,"column":null}},"13":{"start":{"line":30,"column":6},"end":{"line":30,"column":null}},"14":{"start":{"line":31,"column":26},"end":{"line":31,"column":null}},"15":{"start":{"line":32,"column":6},"end":{"line":32,"column":null}},"16":{"start":{"line":34,"column":6},"end":{"line":34,"column":null}},"17":{"start":{"line":36,"column":6},"end":{"line":36,"column":null}},"18":{"start":{"line":40,"column":22},"end":{"line":71,"column":null}},"19":{"start":{"line":41,"column":4},"end":{"line":44,"column":null}},"20":{"start":{"line":42,"column":6},"end":{"line":42,"column":null}},"21":{"start":{"line":43,"column":6},"end":{"line":43,"column":null}},"22":{"start":{"line":46,"column":4},"end":{"line":70,"column":null}},"23":{"start":{"line":47,"column":6},"end":{"line":47,"column":null}},"24":{"start":{"line":48,"column":6},"end":{"line":48,"column":null}},"25":{"start":{"line":50,"column":6},"end":{"line":54,"column":null}},"26":{"start":{"line":57,"column":6},"end":{"line":57,"column":null}},"27":{"start":{"line":60,"column":6},"end":{"line":60,"column":null}},"28":{"start":{"line":61,"column":6},"end":{"line":61,"column":null}},"29":{"start":{"line":64,"column":6},"end":{"line":64,"column":null}},"30":{"start":{"line":67,"column":6},"end":{"line":67,"column":null}},"31":{"start":{"line":69,"column":6},"end":{"line":69,"column":null}},"32":{"start":{"line":73,"column":23},"end":{"line":75,"column":null}},"33":{"start":{"line":74,"column":3},"end":{"line":74,"column":null}},"34":{"start":{"line":77,"column":21},"end":{"line":80,"column":null}},"35":{"start":{"line":78,"column":17},"end":{"line":78,"column":null}},"36":{"start":{"line":79,"column":4},"end":{"line":79,"column":null}},"37":{"start":{"line":82,"column":22},"end":{"line":87,"column":null}},"38":{"start":{"line":83,"column":4},"end":{"line":86,"column":null}},"39":{"start":{"line":89,"column":2},"end":{"line":98,"column":null}},"40":{"start":{"line":90,"column":4},"end":{"line":96,"column":null}},"41":{"start":{"line":100,"column":2},"end":{"line":111,"column":null}},"42":{"start":{"line":101,"column":4},"end":{"line":109,"column":null}},"43":{"start":{"line":113,"column":20},"end":{"line":113,"column":null}},"44":{"start":{"line":115,"column":2},"end":{"line":290,"column":null}},"45":{"start":{"line":177,"column":20},"end":{"line":203,"column":null}},"46":{"start":{"line":179,"column":37},"end":{"line":179,"column":null}},"47":{"start":{"line":215,"column":20},"end":{"line":241,"column":null}},"48":{"start":{"line":217,"column":37},"end":{"line":217,"column":null}}},"fnMap":{"0":{"name":"ManualReconciliation","decl":{"start":{"line":11,"column":24},"end":{"line":11,"column":47}},"loc":{"start":{"line":11,"column":47},"end":{"line":292,"column":null}},"line":11},"1":{"name":"(anonymous_1)","decl":{"start":{"line":23,"column":12},"end":{"line":23,"column":18}},"loc":{"start":{"line":23,"column":18},"end":{"line":25,"column":5}},"line":23},"2":{"name":"(anonymous_2)","decl":{"start":{"line":27,"column":22},"end":{"line":27,"column":34}},"loc":{"start":{"line":27,"column":34},"end":{"line":38,"column":null}},"line":27},"3":{"name":"(anonymous_3)","decl":{"start":{"line":40,"column":22},"end":{"line":40,"column":34}},"loc":{"start":{"line":40,"column":34},"end":{"line":71,"column":null}},"line":40},"4":{"name":"(anonymous_4)","decl":{"start":{"line":73,"column":23},"end":{"line":73,"column":29}},"loc":{"start":{"line":73,"column":29},"end":{"line":75,"column":null}},"line":73},"5":{"name":"(anonymous_5)","decl":{"start":{"line":77,"column":21},"end":{"line":77,"column":22}},"loc":{"start":{"line":77,"column":37},"end":{"line":80,"column":null}},"line":77},"6":{"name":"(anonymous_6)","decl":{"start":{"line":82,"column":22},"end":{"line":82,"column":23}},"loc":{"start":{"line":82,"column":33},"end":{"line":87,"column":null}},"line":82},"7":{"name":"(anonymous_7)","decl":{"start":{"line":176,"column":41},"end":{"line":176,"column":42}},"loc":{"start":{"line":177,"column":20},"end":{"line":203,"column":null}},"line":177},"8":{"name":"(anonymous_8)","decl":{"start":{"line":179,"column":31},"end":{"line":179,"column":37}},"loc":{"start":{"line":179,"column":37},"end":{"line":179,"column":null}},"line":179},"9":{"name":"(anonymous_9)","decl":{"start":{"line":214,"column":45},"end":{"line":214,"column":46}},"loc":{"start":{"line":215,"column":20},"end":{"line":241,"column":null}},"line":215},"10":{"name":"(anonymous_10)","decl":{"start":{"line":217,"column":31},"end":{"line":217,"column":37}},"loc":{"start":{"line":217,"column":37},"end":{"line":217,"column":null}},"line":217}},"branchMap":{"0":{"loc":{"start":{"line":41,"column":4},"end":{"line":44,"column":null}},"type":"if","locations":[{"start":{"line":41,"column":4},"end":{"line":44,"column":null}},{"start":{},"end":{}}],"line":41},"1":{"loc":{"start":{"line":41,"column":8},"end":{"line":41,"column":44}},"type":"binary-expr","locations":[{"start":{"line":41,"column":8},"end":{"line":41,"column":25}},{"start":{"line":41,"column":25},"end":{"line":41,"column":44}}],"line":41},"2":{"loc":{"start":{"line":67,"column":15},"end":{"line":67,"column":82}},"type":"binary-expr","locations":[{"start":{"line":67,"column":15},"end":{"line":67,"column":71}},{"start":{"line":67,"column":71},"end":{"line":67,"column":82}}],"line":67},"3":{"loc":{"start":{"line":89,"column":2},"end":{"line":98,"column":null}},"type":"if","locations":[{"start":{"line":89,"column":2},"end":{"line":98,"column":null}},{"start":{},"end":{}}],"line":89},"4":{"loc":{"start":{"line":100,"column":2},"end":{"line":111,"column":null}},"type":"if","locations":[{"start":{"line":100,"column":2},"end":{"line":111,"column":null}},{"start":{},"end":{}}],"line":100},"5":{"loc":{"start":{"line":100,"column":6},"end":{"line":100,"column":22}},"type":"binary-expr","locations":[{"start":{"line":100,"column":6},"end":{"line":100,"column":15}},{"start":{"line":100,"column":15},"end":{"line":100,"column":22}}],"line":100},"6":{"loc":{"start":{"line":113,"column":20},"end":{"line":113,"column":null}},"type":"binary-expr","locations":[{"start":{"line":113,"column":20},"end":{"line":113,"column":54}},{"start":{"line":113,"column":54},"end":{"line":113,"column":null}}],"line":113},"7":{"loc":{"start":{"line":127,"column":9},"end":{"line":131,"column":null}},"type":"binary-expr","locations":[{"start":{"line":127,"column":9},"end":{"line":127,"column":null}},{"start":{"line":128,"column":10},"end":{"line":131,"column":null}}],"line":127},"8":{"loc":{"start":{"line":134,"column":9},"end":{"line":287,"column":null}},"type":"cond-expr","locations":[{"start":{"line":135,"column":10},"end":{"line":149,"column":null}},{"start":{"line":151,"column":10},"end":{"line":287,"column":null}}],"line":134},"9":{"loc":{"start":{"line":181,"column":24},"end":{"line":183,"column":null}},"type":"cond-expr","locations":[{"start":{"line":182,"column":28},"end":{"line":182,"column":null}},{"start":{"line":183,"column":28},"end":{"line":183,"column":null}}],"line":181},"10":{"loc":{"start":{"line":197,"column":23},"end":{"line":201,"column":null}},"type":"binary-expr","locations":[{"start":{"line":197,"column":23},"end":{"line":197,"column":null}},{"start":{"line":198,"column":24},"end":{"line":201,"column":null}}],"line":197},"11":{"loc":{"start":{"line":219,"column":24},"end":{"line":221,"column":null}},"type":"cond-expr","locations":[{"start":{"line":220,"column":28},"end":{"line":220,"column":null}},{"start":{"line":221,"column":28},"end":{"line":221,"column":null}}],"line":219},"12":{"loc":{"start":{"line":235,"column":23},"end":{"line":239,"column":null}},"type":"binary-expr","locations":[{"start":{"line":235,"column":23},"end":{"line":235,"column":null}},{"start":{"line":236,"column":24},"end":{"line":239,"column":null}}],"line":235},"13":{"loc":{"start":{"line":251,"column":26},"end":{"line":251,"column":null}},"type":"binary-expr","locations":[{"start":{"line":251,"column":26},"end":{"line":251,"column":43}},{"start":{"line":251,"column":43},"end":{"line":251,"column":64}},{"start":{"line":251,"column":64},"end":{"line":251,"column":null}}],"line":251},"14":{"loc":{"start":{"line":254,"column":17},"end":{"line":263,"column":null}},"type":"cond-expr","locations":[{"start":{"line":255,"column":18},"end":{"line":258,"column":null}},{"start":{"line":260,"column":18},"end":{"line":263,"column":null}}],"line":254}},"s":{"0":0,"1":0,"2":0,"3":0,"4":0,"5":0,"6":0,"7":0,"8":0,"9":0,"10":0,"11":0,"12":0,"13":0,"14":0,"15":0,"16":0,"17":0,"18":0,"19":0,"20":0,"21":0,"22":0,"23":0,"24":0,"25":0,"26":0,"27":0,"28":0,"29":0,"30":0,"31":0,"32":0,"33":0,"34":0,"35":0,"36":0,"37":0,"38":0,"39":0,"40":0,"41":0,"42":0,"43":0,"44":0,"45":0,"46":0,"47":0,"48":0},"f":{"0":0,"1":0,"2":0,"3":0,"4":0,"5":0,"6":0,"7":0,"8":0,"9":0,"10":0},"b":{"0":[0,0],"1":[0,0],"2":[0,0],"3":[0,0],"4":[0,0],"5":[0,0],"6":[0,0],"7":[0,0],"8":[0,0],"9":[0,0],"10":[0,0],"11":[0,0],"12":[0,0],"13":[0,0,0],"14":[0,0]},"meta":{"lastBranch":15,"lastFunction":11,"lastStatement":49,"seen":{"f:11:24:11:47":0,"s:12:13:12:Infinity":0,"s:13:8:13:Infinity":1,"s:15:22:15:Infinity":2,"s:16:28:16:Infinity":3,"s:17:24:17:Infinity":4,"s:18:30:18:Infinity":5,"s:20:38:20:Infinity":6,"s:21:46:21:Infinity":7,"s:23:2:25:Infinity":8,"f:23:12:23:18":1,"s:24:4:24:Infinity":9,"s:27:22:38:Infinity":10,"f:27:22:27:34":2,"s:28:4:37:Infinity":11,"s:29:6:29:Infinity":12,"s:30:6:30:Infinity":13,"s:31:26:31:Infinity":14,"s:32:6:32:Infinity":15,"s:34:6:34:Infinity":16,"s:36:6:36:Infinity":17,"s:40:22:71:Infinity":18,"f:40:22:40:34":3,"b:41:4:44:Infinity:undefined:undefined:undefined:undefined":0,"s:41:4:44:Infinity":19,"b:41:8:41:25:41:25:41:44":1,"s:42:6:42:Infinity":20,"s:43:6:43:Infinity":21,"s:46:4:70:Infinity":22,"s:47:6:47:Infinity":23,"s:48:6:48:Infinity":24,"s:50:6:54:Infinity":25,"s:57:6:57:Infinity":26,"s:60:6:60:Infinity":27,"s:61:6:61:Infinity":28,"s:64:6:64:Infinity":29,"s:67:6:67:Infinity":30,"b:67:15:67:71:67:71:67:82":2,"s:69:6:69:Infinity":31,"s:73:23:75:Infinity":32,"f:73:23:73:29":4,"s:74:3:74:Infinity":33,"s:77:21:80:Infinity":34,"f:77:21:77:22":5,"s:78:17:78:Infinity":35,"s:79:4:79:Infinity":36,"s:82:22:87:Infinity":37,"f:82:22:82:23":6,"s:83:4:86:Infinity":38,"b:89:2:98:Infinity:undefined:undefined:undefined:undefined":3,"s:89:2:98:Infinity":39,"s:90:4:96:Infinity":40,"b:100:2:111:Infinity:undefined:undefined:undefined:undefined":4,"s:100:2:111:Infinity":41,"b:100:6:100:15:100:15:100:22":5,"s:101:4:109:Infinity":42,"s:113:20:113:Infinity":43,"b:113:20:113:54:113:54:113:Infinity":6,"s:115:2:290:Infinity":44,"b:127:9:127:Infinity:128:10:131:Infinity":7,"b:135:10:149:Infinity:151:10:287:Infinity":8,"f:176:41:176:42":7,"s:177:20:203:Infinity":45,"f:179:31:179:37":8,"s:179:37:179:Infinity":46,"b:182:28:182:Infinity:183:28:183:Infinity":9,"b:197:23:197:Infinity:198:24:201:Infinity":10,"f:214:45:214:46":9,"s:215:20:241:Infinity":47,"f:217:31:217:37":10,"s:217:37:217:Infinity":48,"b:220:28:220:Infinity:221:28:221:Infinity":11,"b:235:23:235:Infinity:236:24:239:Infinity":12,"b:251:26:251:43:251:43:251:64:251:64:251:Infinity":13,"b:255:18:258:Infinity:260:18:263:Infinity":14}}}
,"/Users/Isalenert/Documents/lm-conciliation/frontend/src/pages/Mapping.jsx": {"path":"/Users/Isalenert/Documents/lm-conciliation/frontend/src/pages/Mapping.jsx","statementMap":{"0":{"start":{"line":12,"column":8},"end":{"line":12,"column":null}},"1":{"start":{"line":13,"column":8},"end":{"line":13,"column":null}},"2":{"start":{"line":14,"column":20},"end":{"line":14,"column":null}},"3":{"start":{"line":16,"column":30},"end":{"line":16,"column":null}},"4":{"start":{"line":17,"column":38},"end":{"line":17,"column":null}},"5":{"start":{"line":18,"column":28},"end":{"line":18,"column":null}},"6":{"start":{"line":19,"column":34},"end":{"line":19,"column":null}},"7":{"start":{"line":20,"column":24},"end":{"line":20,"column":null}},"8":{"start":{"line":22,"column":28},"end":{"line":27,"column":null}},"9":{"start":{"line":29,"column":26},"end":{"line":33,"column":null}},"10":{"start":{"line":35,"column":2},"end":{"line":42,"column":null}},"11":{"start":{"line":36,"column":4},"end":{"line":39,"column":null}},"12":{"start":{"line":37,"column":6},"end":{"line":37,"column":null}},"13":{"start":{"line":38,"column":6},"end":{"line":38,"column":null}},"14":{"start":{"line":40,"column":4},"end":{"line":40,"column":null}},"15":{"start":{"line":41,"column":4},"end":{"line":41,"column":null}},"16":{"start":{"line":44,"column":27},"end":{"line":55,"column":null}},"17":{"start":{"line":45,"column":4},"end":{"line":54,"column":null}},"18":{"start":{"line":46,"column":23},"end":{"line":46,"column":null}},"19":{"start":{"line":47,"column":6},"end":{"line":51,"column":null}},"20":{"start":{"line":53,"column":6},"end":{"line":53,"column":null}},"21":{"start":{"line":57,"column":20},"end":{"line":92,"column":null}},"22":{"start":{"line":58,"column":4},"end":{"line":91,"column":null}},"23":{"start":{"line":59,"column":6},"end":{"line":59,"column":null}},"24":{"start":{"line":60,"column":6},"end":{"line":60,"column":null}},"25":{"start":{"line":62,"column":48},"end":{"line":65,"column":null}},"26":{"start":{"line":67,"column":6},"end":{"line":67,"column":null}},"27":{"start":{"line":68,"column":6},"end":{"line":68,"column":null}},"28":{"start":{"line":71,"column":23},"end":{"line":71,"column":null}},"29":{"start":{"line":72,"column":27},"end":{"line":72,"column":null}},"30":{"start":{"line":74,"column":27},"end":{"line":79,"column":null}},"31":{"start":{"line":75,"column":24},"end":{"line":75,"column":null}},"32":{"start":{"line":76,"column":8},"end":{"line":78,"column":null}},"33":{"start":{"line":77,"column":10},"end":{"line":77,"column":null}},"34":{"start":{"line":77,"column":37},"end":{"line":77,"column":72}},"35":{"start":{"line":81,"column":6},"end":{"line":86,"column":null}},"36":{"start":{"line":88,"column":6},"end":{"line":88,"column":null}},"37":{"start":{"line":90,"column":6},"end":{"line":90,"column":null}},"38":{"start":{"line":94,"column":26},"end":{"line":134,"column":null}},"39":{"start":{"line":95,"column":4},"end":{"line":133,"column":null}},"40":{"start":{"line":96,"column":6},"end":{"line":96,"column":null}},"41":{"start":{"line":97,"column":6},"end":{"line":97,"column":null}},"42":{"start":{"line":100,"column":29},"end":{"line":100,"column":null}},"43":{"start":{"line":102,"column":6},"end":{"line":104,"column":null}},"44":{"start":{"line":103,"column":8},"end":{"line":103,"column":null}},"45":{"start":{"line":107,"column":28},"end":{"line":123,"column":null}},"46":{"start":{"line":125,"column":21},"end":{"line":125,"column":null}},"47":{"start":{"line":127,"column":6},"end":{"line":127,"column":null}},"48":{"start":{"line":129,"column":6},"end":{"line":129,"column":null}},"49":{"start":{"line":130,"column":6},"end":{"line":130,"column":null}},"50":{"start":{"line":132,"column":6},"end":{"line":132,"column":null}},"51":{"start":{"line":136,"column":2},"end":{"line":145,"column":null}},"52":{"start":{"line":137,"column":4},"end":{"line":143,"column":null}},"53":{"start":{"line":147,"column":2},"end":{"line":430,"column":null}},"54":{"start":{"line":179,"column":24},"end":{"line":184,"column":null}},"55":{"start":{"line":190,"column":22},"end":{"line":196,"column":null}},"56":{"start":{"line":192,"column":26},"end":{"line":194,"column":null}},"57":{"start":{"line":216,"column":24},"end":{"line":221,"column":null}},"58":{"start":{"line":227,"column":22},"end":{"line":233,"column":null}},"59":{"start":{"line":229,"column":26},"end":{"line":231,"column":null}},"60":{"start":{"line":257,"column":35},"end":{"line":257,"column":null}},"61":{"start":{"line":262,"column":20},"end":{"line":262,"column":null}},"62":{"start":{"line":273,"column":35},"end":{"line":273,"column":null}},"63":{"start":{"line":278,"column":20},"end":{"line":278,"column":null}},"64":{"start":{"line":289,"column":35},"end":{"line":289,"column":null}},"65":{"start":{"line":294,"column":20},"end":{"line":294,"column":null}},"66":{"start":{"line":314,"column":35},"end":{"line":314,"column":null}},"67":{"start":{"line":319,"column":20},"end":{"line":319,"column":null}},"68":{"start":{"line":330,"column":35},"end":{"line":330,"column":null}},"69":{"start":{"line":335,"column":20},"end":{"line":335,"column":null}},"70":{"start":{"line":346,"column":35},"end":{"line":346,"column":null}},"71":{"start":{"line":351,"column":20},"end":{"line":351,"column":null}},"72":{"start":{"line":375,"column":33},"end":{"line":375,"column":null}},"73":{"start":{"line":390,"column":33},"end":{"line":390,"column":null}},"74":{"start":{"line":405,"column":33},"end":{"line":405,"column":null}}},"fnMap":{"0":{"name":"MappingPage","decl":{"start":{"line":11,"column":9},"end":{"line":11,"column":23}},"loc":{"start":{"line":11,"column":23},"end":{"line":432,"column":null}},"line":11},"1":{"name":"(anonymous_1)","decl":{"start":{"line":35,"column":12},"end":{"line":35,"column":18}},"loc":{"start":{"line":35,"column":18},"end":{"line":42,"column":5}},"line":35},"2":{"name":"(anonymous_2)","decl":{"start":{"line":44,"column":27},"end":{"line":44,"column":39}},"loc":{"start":{"line":44,"column":39},"end":{"line":55,"column":null}},"line":44},"3":{"name":"(anonymous_3)","decl":{"start":{"line":57,"column":20},"end":{"line":57,"column":32}},"loc":{"start":{"line":57,"column":32},"end":{"line":92,"column":null}},"line":57},"4":{"name":"(anonymous_4)","decl":{"start":{"line":74,"column":27},"end":{"line":74,"column":28}},"loc":{"start":{"line":74,"column":41},"end":{"line":79,"column":null}},"line":74},"5":{"name":"(anonymous_5)","decl":{"start":{"line":76,"column":28},"end":{"line":76,"column":29}},"loc":{"start":{"line":77,"column":10},"end":{"line":77,"column":null}},"line":77},"6":{"name":"(anonymous_6)","decl":{"start":{"line":77,"column":24},"end":{"line":77,"column":25}},"loc":{"start":{"line":77,"column":37},"end":{"line":77,"column":72}},"line":77},"7":{"name":"(anonymous_7)","decl":{"start":{"line":94,"column":26},"end":{"line":94,"column":38}},"loc":{"start":{"line":94,"column":38},"end":{"line":134,"column":null}},"line":94},"8":{"name":"(anonymous_8)","decl":{"start":{"line":178,"column":44},"end":{"line":178,"column":45}},"loc":{"start":{"line":179,"column":24},"end":{"line":184,"column":null}},"line":179},"9":{"name":"(anonymous_9)","decl":{"start":{"line":189,"column":54},"end":{"line":189,"column":55}},"loc":{"start":{"line":190,"column":22},"end":{"line":196,"column":null}},"line":190},"10":{"name":"(anonymous_10)","decl":{"start":{"line":191,"column":46},"end":{"line":191,"column":47}},"loc":{"start":{"line":192,"column":26},"end":{"line":194,"column":null}},"line":192},"11":{"name":"(anonymous_11)","decl":{"start":{"line":215,"column":48},"end":{"line":215,"column":49}},"loc":{"start":{"line":216,"column":24},"end":{"line":221,"column":null}},"line":216},"12":{"name":"(anonymous_12)","decl":{"start":{"line":226,"column":58},"end":{"line":226,"column":59}},"loc":{"start":{"line":227,"column":22},"end":{"line":233,"column":null}},"line":227},"13":{"name":"(anonymous_13)","decl":{"start":{"line":228,"column":50},"end":{"line":228,"column":51}},"loc":{"start":{"line":229,"column":26},"end":{"line":231,"column":null}},"line":229},"14":{"name":"(anonymous_14)","decl":{"start":{"line":257,"column":28},"end":{"line":257,"column":29}},"loc":{"start":{"line":257,"column":35},"end":{"line":257,"column":null}},"line":257},"15":{"name":"(anonymous_15)","decl":{"start":{"line":261,"column":41},"end":{"line":261,"column":42}},"loc":{"start":{"line":262,"column":20},"end":{"line":262,"column":null}},"line":262},"16":{"name":"(anonymous_16)","decl":{"start":{"line":273,"column":28},"end":{"line":273,"column":29}},"loc":{"start":{"line":273,"column":35},"end":{"line":273,"column":null}},"line":273},"17":{"name":"(anonymous_17)","decl":{"start":{"line":277,"column":41},"end":{"line":277,"column":42}},"loc":{"start":{"line":278,"column":20},"end":{"line":278,"column":null}},"line":278},"18":{"name":"(anonymous_18)","decl":{"start":{"line":289,"column":28},"end":{"line":289,"column":29}},"loc":{"start":{"line":289,"column":35},"end":{"line":289,"column":null}},"line":289},"19":{"name":"(anonymous_19)","decl":{"start":{"line":293,"column":41},"end":{"line":293,"column":42}},"loc":{"start":{"line":294,"column":20},"end":{"line":294,"column":null}},"line":294},"20":{"name":"(anonymous_20)","decl":{"start":{"line":314,"column":28},"end":{"line":314,"column":29}},"loc":{"start":{"line":314,"column":35},"end":{"line":314,"column":null}},"line":314},"21":{"name":"(anonymous_21)","decl":{"start":{"line":318,"column":45},"end":{"line":318,"column":46}},"loc":{"start":{"line":319,"column":20},"end":{"line":319,"column":null}},"line":319},"22":{"name":"(anonymous_22)","decl":{"start":{"line":330,"column":28},"end":{"line":330,"column":29}},"loc":{"start":{"line":330,"column":35},"end":{"line":330,"column":null}},"line":330},"23":{"name":"(anonymous_23)","decl":{"start":{"line":334,"column":45},"end":{"line":334,"column":46}},"loc":{"start":{"line":335,"column":20},"end":{"line":335,"column":null}},"line":335},"24":{"name":"(anonymous_24)","decl":{"start":{"line":346,"column":28},"end":{"line":346,"column":29}},"loc":{"start":{"line":346,"column":35},"end":{"line":346,"column":null}},"line":346},"25":{"name":"(anonymous_25)","decl":{"start":{"line":350,"column":45},"end":{"line":350,"column":46}},"loc":{"start":{"line":351,"column":20},"end":{"line":351,"column":null}},"line":351},"26":{"name":"(anonymous_26)","decl":{"start":{"line":375,"column":26},"end":{"line":375,"column":27}},"loc":{"start":{"line":375,"column":33},"end":{"line":375,"column":null}},"line":375},"27":{"name":"(anonymous_27)","decl":{"start":{"line":390,"column":26},"end":{"line":390,"column":27}},"loc":{"start":{"line":390,"column":33},"end":{"line":390,"column":null}},"line":390},"28":{"name":"(anonymous_28)","decl":{"start":{"line":405,"column":26},"end":{"line":405,"column":27}},"loc":{"start":{"line":405,"column":33},"end":{"line":405,"column":null}},"line":405}},"branchMap":{"0":{"loc":{"start":{"line":14,"column":20},"end":{"line":14,"column":null}},"type":"binary-expr","locations":[{"start":{"line":14,"column":20},"end":{"line":14,"column":38}},{"start":{"line":14,"column":38},"end":{"line":14,"column":null}}],"line":14},"1":{"loc":{"start":{"line":36,"column":4},"end":{"line":39,"column":null}},"type":"if","locations":[{"start":{"line":36,"column":4},"end":{"line":39,"column":null}},{"start":{},"end":{}}],"line":36},"2":{"loc":{"start":{"line":36,"column":8},"end":{"line":36,"column":50}},"type":"binary-expr","locations":[{"start":{"line":36,"column":8},"end":{"line":36,"column":18}},{"start":{"line":36,"column":18},"end":{"line":36,"column":33}},{"start":{"line":36,"column":33},"end":{"line":36,"column":50}}],"line":36},"3":{"loc":{"start":{"line":76,"column":15},"end":{"line":78,"column":null}},"type":"binary-expr","locations":[{"start":{"line":76,"column":15},"end":{"line":78,"column":13}},{"start":{"line":78,"column":13},"end":{"line":78,"column":null}}],"line":76},"4":{"loc":{"start":{"line":102,"column":6},"end":{"line":104,"column":null}},"type":"if","locations":[{"start":{"line":102,"column":6},"end":{"line":104,"column":null}},{"start":{},"end":{}}],"line":102},"5":{"loc":{"start":{"line":102,"column":10},"end":{"line":102,"column":89}},"type":"binary-expr","locations":[{"start":{"line":102,"column":10},"end":{"line":102,"column":29}},{"start":{"line":102,"column":29},"end":{"line":102,"column":58}},{"start":{"line":102,"column":58},"end":{"line":102,"column":89}}],"line":102},"6":{"loc":{"start":{"line":136,"column":2},"end":{"line":145,"column":null}},"type":"if","locations":[{"start":{"line":136,"column":2},"end":{"line":145,"column":null}},{"start":{},"end":{}}],"line":136},"7":{"loc":{"start":{"line":152,"column":9},"end":{"line":155,"column":null}},"type":"binary-expr","locations":[{"start":{"line":152,"column":9},"end":{"line":152,"column":null}},{"start":{"line":153,"column":10},"end":{"line":155,"column":null}}],"line":152},"8":{"loc":{"start":{"line":414,"column":20},"end":{"line":414,"column":null}},"type":"binary-expr","locations":[{"start":{"line":414,"column":20},"end":{"line":414,"column":34}},{"start":{"line":414,"column":34},"end":{"line":414,"column":55}},{"start":{"line":414,"column":55},"end":{"line":414,"column":77}},{"start":{"line":414,"column":77},"end":{"line":414,"column":null}}],"line":414},"9":{"loc":{"start":{"line":417,"column":11},"end":{"line":426,"column":null}},"type":"cond-expr","locations":[{"start":{"line":418,"column":12},"end":{"line":421,"column":null}},{"start":{"line":423,"column":12},"end":{"line":426,"column":null}}],"line":417}},"s":{"0":0,"1":0,"2":0,"3":0,"4":0,"5":0,"6":0,"7":0,"8":0,"9":0,"10":0,"11":0,"12":0,"13":0,"14":0,"15":0,"16":0,"17":0,"18":0,"19":0,"20":0,"21":0,"22":0,"23":0,"24":0,"25":0,"26":0,"27":0,"28":0,"29":0,"30":0,"31":0,"32":0,"33":0,"34":0,"35":0,"36":0,"37":0,"38":0,"39":0,"40":0,"41":0,"42":0,"43":0,"44":0,"45":0,"46":0,"47":0,"48":0,"49":0,"50":0,"51":0,"52":0,"53":0,"54":0,"55":0,"56":0,"57":0,"58":0,"59":0,"60":0,"61":0,"62":0,"63":0,"64":0,"65":0,"66":0,"67":0,"68":0,"69":0,"70":0,"71":0,"72":0,"73":0,"74":0},"f":{"0":0,"1":0,"2":0,"3":0,"4":0,"5":0,"6":0,"7":0,"8":0,"9":0,"10":0,"11":0,"12":0,"13":0,"14":0,"15":0,"16":0,"17":0,"18":0,"19":0,"20":0,"21":0,"22":0,"23":0,"24":0,"25":0,"26":0,"27":0,"28":0},"b":{"0":[0,0],"1":[0,0],"2":[0,0,0],"3":[0,0],"4":[0,0],"5":[0,0,0],"6":[0,0],"7":[0,0],"8":[0,0,0,0],"9":[0,0]},"meta":{"lastBranch":10,"lastFunction":29,"lastStatement":75,"seen":{"f:11:9:11:23":0,"s:12:8:12:Infinity":0,"s:13:8:13:Infinity":1,"s:14:20:14:Infinity":2,"b:14:20:14:38:14:38:14:Infinity":0,"s:16:30:16:Infinity":3,"s:17:38:17:Infinity":4,"s:18:28:18:Infinity":5,"s:19:34:19:Infinity":6,"s:20:24:20:Infinity":7,"s:22:28:27:Infinity":8,"s:29:26:33:Infinity":9,"s:35:2:42:Infinity":10,"f:35:12:35:18":1,"b:36:4:39:Infinity:undefined:undefined:undefined:undefined":1,"s:36:4:39:Infinity":11,"b:36:8:36:18:36:18:36:33:36:33:36:50":2,"s:37:6:37:Infinity":12,"s:38:6:38:Infinity":13,"s:40:4:40:Infinity":14,"s:41:4:41:Infinity":15,"s:44:27:55:Infinity":16,"f:44:27:44:39":2,"s:45:4:54:Infinity":17,"s:46:23:46:Infinity":18,"s:47:6:51:Infinity":19,"s:53:6:53:Infinity":20,"s:57:20:92:Infinity":21,"f:57:20:57:32":3,"s:58:4:91:Infinity":22,"s:59:6:59:Infinity":23,"s:60:6:60:Infinity":24,"s:62:48:65:Infinity":25,"s:67:6:67:Infinity":26,"s:68:6:68:Infinity":27,"s:71:23:71:Infinity":28,"s:72:27:72:Infinity":29,"s:74:27:79:Infinity":30,"f:74:27:74:28":4,"s:75:24:75:Infinity":31,"s:76:8:78:Infinity":32,"b:76:15:78:13:78:13:78:Infinity":3,"f:76:28:76:29":5,"s:77:10:77:Infinity":33,"f:77:24:77:25":6,"s:77:37:77:72":34,"s:81:6:86:Infinity":35,"s:88:6:88:Infinity":36,"s:90:6:90:Infinity":37,"s:94:26:134:Infinity":38,"f:94:26:94:38":7,"s:95:4:133:Infinity":39,"s:96:6:96:Infinity":40,"s:97:6:97:Infinity":41,"s:100:29:100:Infinity":42,"b:102:6:104:Infinity:undefined:undefined:undefined:undefined":4,"s:102:6:104:Infinity":43,"b:102:10:102:29:102:29:102:58:102:58:102:89":5,"s:103:8:103:Infinity":44,"s:107:28:123:Infinity":45,"s:125:21:125:Infinity":46,"s:127:6:127:Infinity":47,"s:129:6:129:Infinity":48,"s:130:6:130:Infinity":49,"s:132:6:132:Infinity":50,"b:136:2:145:Infinity:undefined:undefined:undefined:undefined":6,"s:136:2:145:Infinity":51,"s:137:4:143:Infinity":52,"s:147:2:430:Infinity":53,"b:152:9:152:Infinity:153:10:155:Infinity":7,"f:178:44:178:45":8,"s:179:24:184:Infinity":54,"f:189:54:189:55":9,"s:190:22:196:Infinity":55,"f:191:46:191:47":10,"s:192:26:194:Infinity":56,"f:215:48:215:49":11,"s:216:24:221:Infinity":57,"f:226:58:226:59":12,"s:227:22:233:Infinity":58,"f:228:50:228:51":13,"s:229:26:231:Infinity":59,"f:257:28:257:29":14,"s:257:35:257:Infinity":60,"f:261:41:261:42":15,"s:262:20:262:Infinity":61,"f:273:28:273:29":16,"s:273:35:273:Infinity":62,"f:277:41:277:42":17,"s:278:20:278:Infinity":63,"f:289:28:289:29":18,"s:289:35:289:Infinity":64,"f:293:41:293:42":19,"s:294:20:294:Infinity":65,"f:314:28:314:29":20,"s:314:35:314:Infinity":66,"f:318:45:318:46":21,"s:319:20:319:Infinity":67,"f:330:28:330:29":22,"s:330:35:330:Infinity":68,"f:334:45:334:46":23,"s:335:20:335:Infinity":69,"f:346:28:346:29":24,"s:346:35:346:Infinity":70,"f:350:45:350:46":25,"s:351:20:351:Infinity":71,"f:375:26:375:27":26,"s:375:33:375:Infinity":72,"f:390:26:390:27":27,"s:390:33:390:Infinity":73,"f:405:26:405:27":28,"s:405:33:405:Infinity":74,"b:414:20:414:34:414:34:414:55:414:55:414:77:414:77:414:Infinity":8,"b:418:12:421:Infinity:423:12:426:Infinity":9}}}
,"/Users/Isalenert/Documents/lm-conciliation/frontend/src/pages/ReconciliationDetails.jsx": {"path":"/Users/Isalenert/Documents/lm-conciliation/frontend/src/pages/ReconciliationDetails.jsx","statementMap":{"0":{"start":{"line":12,"column":13},"end":{"line":12,"column":null}},"1":{"start":{"line":13,"column":8},"end":{"line":13,"column":null}},"2":{"start":{"line":14,"column":22},"end":{"line":14,"column":null}},"3":{"start":{"line":15,"column":28},"end":{"line":15,"column":null}},"4":{"start":{"line":16,"column":24},"end":{"line":16,"column":null}},"5":{"start":{"line":17,"column":32},"end":{"line":17,"column":null}},"6":{"start":{"line":19,"column":2},"end":{"line":21,"column":null}},"7":{"start":{"line":20,"column":4},"end":{"line":20,"column":null}},"8":{"start":{"line":23,"column":22},"end":{"line":34,"column":null}},"9":{"start":{"line":24,"column":4},"end":{"line":33,"column":null}},"10":{"start":{"line":25,"column":6},"end":{"line":25,"column":null}},"11":{"start":{"line":26,"column":6},"end":{"line":26,"column":null}},"12":{"start":{"line":27,"column":22},"end":{"line":27,"column":null}},"13":{"start":{"line":28,"column":6},"end":{"line":28,"column":null}},"14":{"start":{"line":30,"column":6},"end":{"line":30,"column":null}},"15":{"start":{"line":32,"column":6},"end":{"line":32,"column":null}},"16":{"start":{"line":36,"column":21},"end":{"line":39,"column":null}},"17":{"start":{"line":37,"column":17},"end":{"line":37,"column":null}},"18":{"start":{"line":38,"column":4},"end":{"line":38,"column":null}},"19":{"start":{"line":41,"column":22},"end":{"line":46,"column":null}},"20":{"start":{"line":42,"column":4},"end":{"line":45,"column":null}},"21":{"start":{"line":48,"column":2},"end":{"line":57,"column":null}},"22":{"start":{"line":49,"column":4},"end":{"line":55,"column":null}},"23":{"start":{"line":59,"column":2},"end":{"line":76,"column":null}},"24":{"start":{"line":60,"column":4},"end":{"line":74,"column":null}},"25":{"start":{"line":67,"column":29},"end":{"line":67,"column":null}},"26":{"start":{"line":78,"column":2},"end":{"line":221,"column":null}},"27":{"start":{"line":85,"column":25},"end":{"line":85,"column":null}},"28":{"start":{"line":128,"column":31},"end":{"line":128,"column":null}},"29":{"start":{"line":139,"column":31},"end":{"line":139,"column":null}},"30":{"start":{"line":150,"column":31},"end":{"line":150,"column":null}},"31":{"start":{"line":168,"column":18},"end":{"line":188,"column":null}},"32":{"start":{"line":197,"column":18},"end":{"line":201,"column":null}},"33":{"start":{"line":210,"column":18},"end":{"line":214,"column":null}}},"fnMap":{"0":{"name":"ReconciliationDetails","decl":{"start":{"line":11,"column":24},"end":{"line":11,"column":48}},"loc":{"start":{"line":11,"column":48},"end":{"line":223,"column":null}},"line":11},"1":{"name":"(anonymous_1)","decl":{"start":{"line":19,"column":12},"end":{"line":19,"column":18}},"loc":{"start":{"line":19,"column":18},"end":{"line":21,"column":5}},"line":19},"2":{"name":"(anonymous_2)","decl":{"start":{"line":23,"column":22},"end":{"line":23,"column":34}},"loc":{"start":{"line":23,"column":34},"end":{"line":34,"column":null}},"line":23},"3":{"name":"(anonymous_3)","decl":{"start":{"line":36,"column":21},"end":{"line":36,"column":22}},"loc":{"start":{"line":36,"column":37},"end":{"line":39,"column":null}},"line":36},"4":{"name":"(anonymous_4)","decl":{"start":{"line":41,"column":22},"end":{"line":41,"column":23}},"loc":{"start":{"line":41,"column":33},"end":{"line":46,"column":null}},"line":41},"5":{"name":"(anonymous_5)","decl":{"start":{"line":67,"column":23},"end":{"line":67,"column":29}},"loc":{"start":{"line":67,"column":29},"end":{"line":67,"column":null}},"line":67},"6":{"name":"(anonymous_6)","decl":{"start":{"line":85,"column":19},"end":{"line":85,"column":25}},"loc":{"start":{"line":85,"column":25},"end":{"line":85,"column":null}},"line":85},"7":{"name":"(anonymous_7)","decl":{"start":{"line":128,"column":25},"end":{"line":128,"column":31}},"loc":{"start":{"line":128,"column":31},"end":{"line":128,"column":null}},"line":128},"8":{"name":"(anonymous_8)","decl":{"start":{"line":139,"column":25},"end":{"line":139,"column":31}},"loc":{"start":{"line":139,"column":31},"end":{"line":139,"column":null}},"line":139},"9":{"name":"(anonymous_9)","decl":{"start":{"line":150,"column":25},"end":{"line":150,"column":31}},"loc":{"start":{"line":150,"column":31},"end":{"line":150,"column":null}},"line":150},"10":{"name":"(anonymous_10)","decl":{"start":{"line":167,"column":34},"end":{"line":167,"column":35}},"loc":{"start":{"line":168,"column":18},"end":{"line":188,"column":null}},"line":168},"11":{"name":"(anonymous_11)","decl":{"start":{"line":196,"column":36},"end":{"line":196,"column":37}},"loc":{"start":{"line":197,"column":18},"end":{"line":201,"column":null}},"line":197},"12":{"name":"(anonymous_12)","decl":{"start":{"line":209,"column":40},"end":{"line":209,"column":41}},"loc":{"start":{"line":210,"column":18},"end":{"line":214,"column":null}},"line":210}},"branchMap":{"0":{"loc":{"start":{"line":48,"column":2},"end":{"line":57,"column":null}},"type":"if","locations":[{"start":{"line":48,"column":2},"end":{"line":57,"column":null}},{"start":{},"end":{}}],"line":48},"1":{"loc":{"start":{"line":59,"column":2},"end":{"line":76,"column":null}},"type":"if","locations":[{"start":{"line":59,"column":2},"end":{"line":76,"column":null}},{"start":{},"end":{}}],"line":59},"2":{"loc":{"start":{"line":59,"column":6},"end":{"line":59,"column":22}},"type":"binary-expr","locations":[{"start":{"line":59,"column":6},"end":{"line":59,"column":15}},{"start":{"line":59,"column":15},"end":{"line":59,"column":22}}],"line":59},"3":{"loc":{"start":{"line":65,"column":41},"end":{"line":65,"column":79}},"type":"binary-expr","locations":[{"start":{"line":65,"column":41},"end":{"line":65,"column":50}},{"start":{"line":65,"column":50},"end":{"line":65,"column":79}}],"line":65},"4":{"loc":{"start":{"line":130,"column":18},"end":{"line":132,"column":null}},"type":"cond-expr","locations":[{"start":{"line":131,"column":22},"end":{"line":131,"column":null}},{"start":{"line":132,"column":22},"end":{"line":132,"column":null}}],"line":130},"5":{"loc":{"start":{"line":141,"column":18},"end":{"line":143,"column":null}},"type":"cond-expr","locations":[{"start":{"line":142,"column":22},"end":{"line":142,"column":null}},{"start":{"line":143,"column":22},"end":{"line":143,"column":null}}],"line":141},"6":{"loc":{"start":{"line":152,"column":18},"end":{"line":154,"column":null}},"type":"cond-expr","locations":[{"start":{"line":153,"column":22},"end":{"line":153,"column":null}},{"start":{"line":154,"column":22},"end":{"line":154,"column":null}}],"line":152},"7":{"loc":{"start":{"line":165,"column":13},"end":{"line":190,"column":null}},"type":"binary-expr","locations":[{"start":{"line":165,"column":13},"end":{"line":165,"column":null}},{"start":{"line":166,"column":14},"end":{"line":190,"column":null}}],"line":165},"8":{"loc":{"start":{"line":194,"column":13},"end":{"line":203,"column":null}},"type":"binary-expr","locations":[{"start":{"line":194,"column":13},"end":{"line":194,"column":null}},{"start":{"line":195,"column":14},"end":{"line":203,"column":null}}],"line":194},"9":{"loc":{"start":{"line":207,"column":13},"end":{"line":216,"column":null}},"type":"binary-expr","locations":[{"start":{"line":207,"column":13},"end":{"line":207,"column":null}},{"start":{"line":208,"column":14},"end":{"line":216,"column":null}}],"line":207}},"s":{"0":0,"1":0,"2":0,"3":0,"4":0,"5":0,"6":0,"7":0,"8":0,"9":0,"10":0,"11":0,"12":0,"13":0,"14":0,"15":0,"16":0,"17":0,"18":0,"19":0,"20":0,"21":0,"22":0,"23":0,"24":0,"25":0,"26":0,"27":0,"28":0,"29":0,"30":0,"31":0,"32":0,"33":0},"f":{"0":0,"1":0,"2":0,"3":0,"4":0,"5":0,"6":0,"7":0,"8":0,"9":0,"10":0,"11":0,"12":0},"b":{"0":[0,0],"1":[0,0],"2":[0,0],"3":[0,0],"4":[0,0],"5":[0,0],"6":[0,0],"7":[0,0],"8":[0,0],"9":[0,0]},"meta":{"lastBranch":10,"lastFunction":13,"lastStatement":34,"seen":{"f:11:24:11:48":0,"s:12:13:12:Infinity":0,"s:13:8:13:Infinity":1,"s:14:22:14:Infinity":2,"s:15:28:15:Infinity":3,"s:16:24:16:Infinity":4,"s:17:32:17:Infinity":5,"s:19:2:21:Infinity":6,"f:19:12:19:18":1,"s:20:4:20:Infinity":7,"s:23:22:34:Infinity":8,"f:23:22:23:34":2,"s:24:4:33:Infinity":9,"s:25:6:25:Infinity":10,"s:26:6:26:Infinity":11,"s:27:22:27:Infinity":12,"s:28:6:28:Infinity":13,"s:30:6:30:Infinity":14,"s:32:6:32:Infinity":15,"s:36:21:39:Infinity":16,"f:36:21:36:22":3,"s:37:17:37:Infinity":17,"s:38:4:38:Infinity":18,"s:41:22:46:Infinity":19,"f:41:22:41:23":4,"s:42:4:45:Infinity":20,"b:48:2:57:Infinity:undefined:undefined:undefined:undefined":0,"s:48:2:57:Infinity":21,"s:49:4:55:Infinity":22,"b:59:2:76:Infinity:undefined:undefined:undefined:undefined":1,"s:59:2:76:Infinity":23,"b:59:6:59:15:59:15:59:22":2,"s:60:4:74:Infinity":24,"b:65:41:65:50:65:50:65:79":3,"f:67:23:67:29":5,"s:67:29:67:Infinity":25,"s:78:2:221:Infinity":26,"f:85:19:85:25":6,"s:85:25:85:Infinity":27,"f:128:25:128:31":7,"s:128:31:128:Infinity":28,"b:131:22:131:Infinity:132:22:132:Infinity":4,"f:139:25:139:31":8,"s:139:31:139:Infinity":29,"b:142:22:142:Infinity:143:22:143:Infinity":5,"f:150:25:150:31":9,"s:150:31:150:Infinity":30,"b:153:22:153:Infinity:154:22:154:Infinity":6,"b:165:13:165:Infinity:166:14:190:Infinity":7,"f:167:34:167:35":10,"s:168:18:188:Infinity":31,"b:194:13:194:Infinity:195:14:203:Infinity":8,"f:196:36:196:37":11,"s:197:18:201:Infinity":32,"b:207:13:207:Infinity:208:14:216:Infinity":9,"f:209:40:209:41":12,"s:210:18:214:Infinity":33}}}
,"/Users/Isalenert/Documents/lm-conciliation/frontend/src/pages/ResetPassword.jsx": {"path":"/Users/Isalenert/Documents/lm-conciliation/frontend/src/pages/ResetPassword.jsx","statementMap":{"0":{"start":{"line":11,"column":8},"end":{"line":11,"column":null}},"1":{"start":{"line":12,"column":21},"end":{"line":12,"column":null}},"2":{"start":{"line":13,"column":16},"end":{"line":13,"column":null}},"3":{"start":{"line":15,"column":30},"end":{"line":18,"column":null}},"4":{"start":{"line":19,"column":28},"end":{"line":19,"column":null}},"5":{"start":{"line":20,"column":28},"end":{"line":20,"column":null}},"6":{"start":{"line":22,"column":2},"end":{"line":29,"column":null}},"7":{"start":{"line":23,"column":4},"end":{"line":28,"column":null}},"8":{"start":{"line":24,"column":6},"end":{"line":27,"column":null}},"9":{"start":{"line":31,"column":23},"end":{"line":69,"column":null}},"10":{"start":{"line":32,"column":4},"end":{"line":32,"column":null}},"11":{"start":{"line":33,"column":4},"end":{"line":33,"column":null}},"12":{"start":{"line":35,"column":4},"end":{"line":38,"column":null}},"13":{"start":{"line":36,"column":6},"end":{"line":36,"column":null}},"14":{"start":{"line":37,"column":6},"end":{"line":37,"column":null}},"15":{"start":{"line":40,"column":4},"end":{"line":46,"column":null}},"16":{"start":{"line":41,"column":6},"end":{"line":44,"column":null}},"17":{"start":{"line":45,"column":6},"end":{"line":45,"column":null}},"18":{"start":{"line":48,"column":4},"end":{"line":48,"column":null}},"19":{"start":{"line":50,"column":4},"end":{"line":68,"column":null}},"20":{"start":{"line":51,"column":6},"end":{"line":51,"column":null}},"21":{"start":{"line":53,"column":6},"end":{"line":56,"column":null}},"22":{"start":{"line":58,"column":6},"end":{"line":60,"column":null}},"23":{"start":{"line":59,"column":8},"end":{"line":59,"column":null}},"24":{"start":{"line":62,"column":6},"end":{"line":65,"column":null}},"25":{"start":{"line":67,"column":6},"end":{"line":67,"column":null}},"26":{"start":{"line":71,"column":2},"end":{"line":179,"column":null}},"27":{"start":{"line":127,"column":22},"end":{"line":127,"column":null}},"28":{"start":{"line":143,"column":22},"end":{"line":146,"column":null}}},"fnMap":{"0":{"name":"ResetPassword","decl":{"start":{"line":10,"column":24},"end":{"line":10,"column":40}},"loc":{"start":{"line":10,"column":40},"end":{"line":181,"column":null}},"line":10},"1":{"name":"(anonymous_1)","decl":{"start":{"line":22,"column":12},"end":{"line":22,"column":18}},"loc":{"start":{"line":22,"column":18},"end":{"line":29,"column":5}},"line":22},"2":{"name":"(anonymous_2)","decl":{"start":{"line":31,"column":23},"end":{"line":31,"column":30}},"loc":{"start":{"line":31,"column":36},"end":{"line":69,"column":null}},"line":31},"3":{"name":"(anonymous_3)","decl":{"start":{"line":58,"column":17},"end":{"line":58,"column":23}},"loc":{"start":{"line":58,"column":23},"end":{"line":60,"column":9}},"line":58},"4":{"name":"(anonymous_4)","decl":{"start":{"line":126,"column":30},"end":{"line":126,"column":31}},"loc":{"start":{"line":127,"column":22},"end":{"line":127,"column":null}},"line":127},"5":{"name":"(anonymous_5)","decl":{"start":{"line":142,"column":30},"end":{"line":142,"column":31}},"loc":{"start":{"line":143,"column":22},"end":{"line":146,"column":null}},"line":143}},"branchMap":{"0":{"loc":{"start":{"line":23,"column":4},"end":{"line":28,"column":null}},"type":"if","locations":[{"start":{"line":23,"column":4},"end":{"line":28,"column":null}},{"start":{},"end":{}}],"line":23},"1":{"loc":{"start":{"line":35,"column":4},"end":{"line":38,"column":null}},"type":"if","locations":[{"start":{"line":35,"column":4},"end":{"line":38,"column":null}},{"start":{},"end":{}}],"line":35},"2":{"loc":{"start":{"line":40,"column":4},"end":{"line":46,"column":null}},"type":"if","locations":[{"start":{"line":40,"column":4},"end":{"line":46,"column":null}},{"start":{},"end":{}}],"line":40},"3":{"loc":{"start":{"line":64,"column":14},"end":{"line":64,"column":null}},"type":"binary-expr","locations":[{"start":{"line":64,"column":14},"end":{"line":64,"column":44}},{"start":{"line":64,"column":44},"end":{"line":64,"column":null}}],"line":64},"4":{"loc":{"start":{"line":80,"column":11},"end":{"line":100,"column":null}},"type":"binary-expr","
[...]
,"/Users/Isalenert/Documents/lm-conciliation/frontend/src/services/api.js": {"path":"/Users/Isalenert/Documents/lm-conciliation/frontend/src/services/api.js","statementMap":{"0":{"start":{"line":7,"column":16},"end":{"line":7,"column":71}},"1":{"start":{"line":10,"column":12},"end":{"line":12,"column":2}},"2":{"start":{"line":15,"column":0},"end":{"line":26,"column":null}},"3":{"start":{"line":17,"column":18},"end":{"line":17,"column":47}},"4":{"start":{"line":18,"column":4},"end":{"line":20,"column":null}},"5":{"start":{"line":19,"column":6},"end":{"line":19,"column":null}},"6":{"start":{"line":21,"column":4},"end":{"line":21,"column":null}},"7":{"start":{"line":24,"column":4},"end":{"line":24,"column":null}},"8":{"start":{"line":29,"column":0},"end":{"line":38,"column":null}},"9":{"start":{"line":30,"column":16},"end":{"line":30,"column":24}},"10":{"start":{"line":32,"column":4},"end":{"line":35,"column":null}},"11":{"start":{"line":33,"column":6},"end":{"line":33,"column":null}},"12":{"start":{"line":34,"column":6},"end":{"line":34,"column":null}},"13":{"start":{"line":36,"column":4},"end":{"line":36,"column":null}},"14":{"start":{"line":41,"column":27},"end":{"line":53,"column":1}},"15":{"start":{"line":42,"column":19},"end":{"line":42,"column":33}},"16":{"start":{"line":43,"column":2},"end":{"line":43,"column":null}},"17":{"start":{"line":44,"column":2},"end":{"line":44,"column":null}},"18":{"start":{"line":46,"column":19},"end":{"line":50,"column":4}},"19":{"start":{"line":52,"column":2},"end":{"line":52,"column":null}},"20":{"start":{"line":56,"column":31},"end":{"line":90,"column":1}},"21":{"start":{"line":57,"column":2},"end":{"line":89,"column":null}},"22":{"start":{"line":58,"column":19},"end":{"line":58,"column":35}},"23":{"start":{"line":60,"column":4},"end":{"line":85,"column":null}},"24":{"start":{"line":61,"column":19},"end":{"line":61,"column":34}},"25":{"start":{"line":62,"column":20},"end":{"line":62,"column":64}},"26":{"start":{"line":62,"column":52},"end":{"line":62,"column":63}},"27":{"start":{"line":64,"column":6},"end":{"line":67,"column":null}},"28":{"start":{"line":65,"column":8},"end":{"line":65,"column":null}},"29":{"start":{"line":66,"column":8},"end":{"line":66,"column":null}},"30":{"start":{"line":70,"column":22},"end":{"line":70,"column":60}},"31":{"start":{"line":70,"column":51},"end":{"line":70,"column":59}},"32":{"start":{"line":71,"column":19},"end":{"line":78,"column":8}},"33":{"start":{"line":72,"column":23},"end":{"line":72,"column":38}},"34":{"start":{"line":73,"column":20},"end":{"line":73,"column":22}},"35":{"start":{"line":74,"column":8},"end":{"line":76,"column":null}},"36":{"start":{"line":75,"column":10},"end":{"line":75,"column":null}},"37":{"start":{"line":77,"column":8},"end":{"line":77,"column":null}},"38":{"start":{"line":80,"column":6},"end":{"line":84,"column":null}},"39":{"start":{"line":87,"column":4},"end":{"line":87,"column":null}},"40":{"start":{"line":87,"column":27},"end":{"line":87,"column":67}},"41":{"start":{"line":88,"column":4},"end":{"line":88,"column":null}},"42":{"start":{"line":93,"column":30},"end":{"line":112,"column":1}},"43":{"start":{"line":94,"column":19},"end":{"line":94,"column":33}},"44":{"start":{"line":95,"column":2},"end":{"line":95,"column":null}},"45":{"start":{"line":96,"column":2},"end":{"line":96,"column":null}},"46":{"start":{"line":97,"column":2},"end":{"line":97,"column":null}},"47":{"start":{"line":98,"column":2},"end":{"line":98,"column":null}},"48":{"start":{"line":99,"column":2},"end":{"line":99,"column":null}},"49":{"start":{"line":100,"column":2},"end":{"line":100,"column":null}},"50":{"start":{"line":101,"column":2},"end":{"line":101,"column":null}},"51":{"start":{"line":102,"column":2},"end":{"line":102,"column":null}},"52":{"start":{"line":103,"column":2},"end":{"line":103,"column":null}},"53":{"start":{"line":105,"column":19},"end":{"line":109,"column":4}},"54":{"start":{"line":111,"column":2},"end":{"line":111,"column":null}},"55":{"start":{"line":115,"column":37},"end":{"line":123,"column":1}},"56":{"start":{"line":116,"column":19},"end":{"line":120,"column":4}},"57":{"start":{"line":122,"column":2},"end":{"line":122,"column":null}},"58":{"start":{"line":126,"column":26},"end":{"line":129,"column":1}},"59":{"start":{"line":127,"column":19},"end":{"line":127,"column":48}},"60":{"start":{"line":128,"column":2},"end":{"line":128,"column":null}},"61":{"start":{"line":131,"column":40},"end":{"line":134,"column":1}},"62":{"start":{"line":132,"column":19},"end":{"line":132,"column":54}},"63":{"start":{"line":133,"column":2},"end":{"line":133,"column":null}},"64":{"start":{"line":136,"column":29},"end":{"line":139,"column":1}},"65":{"start":{"line":137,"column":19},"end":{"line":137,"column":51}},"66":{"start":{"line":138,"column":2},"end":{"line":138,"column":null}},"67":{"start":{"line":142,"column":27},"end":{"line":145,"column":1}},"68":{"start":{"line":143,"column":19},"end":{"line":143,"column":49}},"69":{"start":{"line":144,"column":2},"end":{"line":144,"column":null}},"70":{"start":{"line":147,"column":30},"end":{"line":150,"column":1}},"71":{"start":{"line":148,"column":19},"end":{"line":148,"column":59}},"72":{"start":{"line":149,"column":2},"end":{"line":149,"column":null}},"73":{"start":{"line":153,"column":38},"end":{"line":156,"column":1}},"74":{"start":{"line":154,"column":19},"end":{"line":154,"column":83}},"75":{"start":{"line":155,"column":2},"end":{"line":155,"column":null}},"76":{"start":{"line":158,"column":33},"end":{"line":161,"column":1}},"77":{"start":{"line":159,"column":19},"end":{"line":159,"column":65}},"78":{"start":{"line":160,"column":2},"end":{"line":160,"column":null}},"79":{"start":{"line":164,"column":36},"end":{"line":167,"column":1}},"80":{"start":{"line":165,"column":19},"end":{"line":165,"column":73}},"81":{"start":{"line":166,"column":2},"end":{"line":166,"column":null}},"82":{"start":{"line":169,"column":29},"end":{"line":175,"column":1}},"83":{"start":{"line":170,"column":19},"end":{"line":173,"column":4}},"84":{"start":{"line":174,"column":2},"end":{"line":174,"column":null}}},"fnMap":{"0":{"name":"(anonymous_0)","decl":{"start":{"line":16,"column":2},"end":{"line":16,"column":3}},"loc":{"start":{"line":16,"column":14},"end":{"line":22,"column":3}},"line":16},"1":{"name":"(anonymous_1)","decl":{"start":{"line":23,"column":2},"end":{"line":23,"column":3}},"loc":{"start":{"line":23,"column":13},"end":{"line":25,"column":null}},"line":23},"2":{"name":"(anonymous_2)","decl":{"start":{"line":30,"column":2},"end":{"line":30,"column":3}},"loc":{"start":{"line":30,"column":16},"end":{"line":30,"column":24}},"line":30},"3":{"name":"(anonymous_3)","decl":{"start":{"line":31,"column":2},"end":{"line":31,"column":3}},"loc":{"start":{"line":31,"column":13},"end":{"line":37,"column":null}},"line":31},"4":{"name":"(anonymous_4)","decl":{"start":{"line":41,"column":27},"end":{"line":41,"column":32}},"loc":{"start":{"line":41,"column":61},"end":{"line":53,"column":1}},"line":41},"5":{"name":"(anonymous_5)","decl":{"start":{"line":56,"column":31},"end":{"line":56,"column":36}},"loc":{"start":{"line":56,"column":47},"end":{"line":90,"column":1}},"line":56},"6":{"name":"(anonymous_6)","decl":{"start":{"line":57,"column":21},"end":{"line":57,"column":22}},"loc":{"start":{"line":57,"column":42},"end":{"line":89,"column":3}},"line":57},"7":{"name":"(anonymous_7)","decl":{"start":{"line":60,"column":20},"end":{"line":60,"column":21}},"loc":{"start":{"line":60,"column":27},"end":{"line":85,"column":5}},"line":60},"8":{"name":"(anonymous_8)","decl":{"start":{"line":62,"column":44},"end":{"line":62,"column":48}},"loc":{"start":{"line":62,"column":52},"end":{"line":62,"column":63}},"line":62},"9":{"name":"(anonymous_9)","decl":{"start":{"line":70,"column":46},"end":{"line":70,"column":47}},"loc":{"start":{"line":70,"column":51},"end":{"line":70,"column":59}},"line":70},"10":{"name":"(anonymous_10)","decl":{"start":{"line":71,"column":38},"end":{"line":71,"column":42}},"loc":{"start":{"line":71,"column":46},"end":{"line":78,"column":7}},"line":71},"11":{"name":"(anonymous_11)","decl":{"start":{"line":74,"column":24},"end":{"line":74,"column":25}},"loc":{"start":{"line":74,"column":39},"end":{"line":76,"column":9}},"line":74},"12":{"name":"(anonymous_12)","decl":{"start":{"line":87,"column":21},"end":{"line":87,"column":22}},"loc":{"start":{"line":87,"column":27},"end":{"line":87,"column":67}},"line":87},"13":{"name":"(anonymous_13)","decl":{"start":{"line":93,"column":30},"end":{"line":93,"column":35}},"loc":{"start":{"line":93,"column":72},"end":{"line":112,"column":1}},"line":93},"14":{"name":"(anonymous_14)","decl":{"start":{"line":115,"column":37},"end":{"line":115,"column":42}},"loc":{"start":{"line":115,"column":53},"end":{"line":123,"column":1}},"line":115},"15":{"name":"(anonymous_15)","decl":{"start":{"line":126,"column":26},"end":{"line":126,"column":31}},"loc":{"start":{"line":126,"column":38},"end":{"line":129,"column":1}},"line":126},"16":{"name":"(anonymous_16)","decl":{"start":{"line":131,"column":40},"end":{"line":131,"column":45}},"loc":{"start":{"line":131,"column":54},"end":{"line":134,"column":1}},"line":131},"17":{"name":"(anonymous_17)","decl":{"start":{"line":136,"column":29},"end":{"line":136,"column":34}},"loc":{"start":{"line":136,"column":41},"end":{"line":139,"column":1}},"line":136},"18":{"name":"(anonymous_18)","decl":{"start":{"line":142,"column":27},"end":{"line":142,"column":32}},"loc":{"start":{"line":142,"column":39},"end":{"line":145,"column":1}},"line":142},"19":{"name":"(anonymous_19)","decl":{"start":{"line":147,"column":30},"end":{"line":147,"column":35}},"loc":{"start":{"line":147,"column":50},"end":{"line":150,"column":1}},"line":147},"20":{"name":"(anonymous_20)","decl":{"start":{"line":153,"column":38},"end":{"line":153,"column":43}},"loc":{"start":{"line":153,"column":66},"end":{"line":156,"column":1}},"line":153},"21":{"name":"(anonymous_21)","decl":{"start":{"line":158,"column":33},"end":{"line":158,"column":38}},"loc":{"start":{"line":158,"column":54},"end":{"line":161,"column":1}},"line":158},"22":{"name":"(anonymous_22)","decl":{"start":{"line":164,"column":36},"end":{"line":164,"column":41}},"loc":{"start":{"line":164,"column":53},"end":{"line":167,"column":1}},"line":164},"23":{"name":"(anonymous_23)","decl":{"start":{"line":169,"column":29},"end":{"line":169,"column":34}},"loc":{"start":{"line":169,"column":59},"end":{"line":175,"column":1}},"line":169}},"branchMap":{"0":{"loc":{"start":{"line":7,"column":16},"end":{"line":7,"column":71}},"type":"binary-expr","locations":[{"start":{"line":7,"column":16},"end":{"line":7,"column":44}},{"start":{"line":7,"column":48},"end":{"line":7,"column":71}}],"line":7},"1":{"loc":{"start":{"line":18,"column":4},"end":{"line":20,"column":null}},"type":"if","locations":[{"start":{"line":18,"column":4},"end":{"line":20,"column":null}},{"start":{},"end":{}}],"line":18},"2":{"loc":{"start":{"line":32,"column":4},"end":{"line":35,"column":null}},"type":"if","locations":[{"start":{"line":32,"column":4},"end":{"line":35,"column":null}},{"start":{},"end":{}}],"line":32},"3":{"loc":{"start":{"line":64,"column":6},"end":{"line":67,"column":null}},"type":"if","locations":[{"start":{"line":64,"column":6},"end":{"line":67,"column":null}},{"start":{},"end":{}}],"line":64},"4":{"loc":{"start":{"line":75,"column":24},"end":{"line":75,"column":47}},"type":"binary-expr","locations":[{"start":{"line":75,"column":24},"end":{"line":75,"column":41}},{"start":{"line":75,"column":45},"end":{"line":75,"column":47}}],"line":75},"5":{"loc":{"start":{"line":100,"column":28},"end":{"line":100,"column":47}},"type":"binary-expr","locations":[{"start":{"line":100,"column":28},"end":{"line":100,"column":41}},{"start":{"line":100,"column":45},"end":{"line":100,"column":47}}],"line":100}},"s":{"0":4,"1":4,"2":4,"3":3,"4":3,"5":0,"6":3,"7":0,"8":4,"9":0,"10":0,"11":0,"12":0,"13":0,"14":4,"15":0,"16":0,"17":0,"18":0,"19":0,"20":4,"21":0,"22":0,"23":0,"24":0,"25":0,"26":0,"27":0,"28":0,"29":0,"30":0,"31":0,"32":0,"33":0,"34":0,"35":0,"36":0,"37":0,"38":0,"39":0,"40":0,"41":0,"42":4,"43":0,"44":0,"45":0,"46":0,"47":0,"48":0,"49":0,"50":0,"51":0,"52":0,"53":0,"54":0,"55":4,"56":0,"57":0,"58":4,"59":1,"60":0,"61":4,"62":0,"63":0,"64":4,"65":1,"66":0,"67":4,"68":1,"69":0,"70":4,"71":0,"72":0,"73":4,"74":0,"75":0,"76":4,"77":0,"78":0,"79":4,"80":0,"81":0,"82":4,"83":0,"84":0},"f":{"0":3,"1":0,"2":0,"3":0,"4":0,"5":0,"6":0,"7":0,"8":0,"9":0,"10":0,"11":0,"12":0,"13":0,"14":0,"15":1,"16":0,"17":1,"18":1,"19":0,"20":0,"21":0,"22":0,"23":0},"b":{"0":[4,0],"1":[0,3],"2":[0,0],"3":[0,0],"4":[0,0],"5":[0,0]},"meta":{"lastBranch":6,"lastFunction":24,"lastStatement":85,"seen":{"s:7:16:7:71":0,"b:7:16:7:44:7:48:7:71":0,"s:10:12:12:2":1,"s:15:0:26:Infinity":2,"f:16:2:16:3":0,"s:17:18:17:47":3,"b:18:4:20:Infinity:undefined:undefined:undefined:undefined":1,"s:18:4:20:Infinity":4,"s:19:6:19:Infinity":5,"s:21:4:21:Infinity":6,"f:23:2:23:3":1,"s:24:4:24:Infinity":7,"s:29:0:38:Infinity":8,"f:30:2:30:3":2,"s:30:16:30:24":9,"f:31:2:31:3":3,"b:32:4:35:Infinity:undefined:undefined:undefined:undefined":2,"s:32:4:35:Infinity":10,"s:33:6:33:Infinity":11,"s:34:6:34:Infinity":12,"s:36:4:36:Infinity":13,"s:41:27:53:1":14,"f:41:27:41:32":4,"s:42:19:42:33":15,"s:43:2:43:Infinity":16,"s:44:2:44:Infinity":17,"s:46:19:50:4":18,"s:52:2:52:Infinity":19,"s:56:31:90:1":20,"f:56:31:56:36":5,"s:57:2:89:Infinity":21,"f:57:21:57:22":6,"s:58:19:58:35":22,"s:60:4:85:Infinity":23,"f:60:20:60:21":7,"s:61:19:61:34":24,"s:62:20:62:64":25,"f:62:44:62:48":8,"s:62:52:62:63":26,"b:64:6:67:Infinity:undefined:undefined:undefined:undefined":3,"s:64:6:67:Infinity":27,"s:65:8:65:Infinity":28,"s:66:8:66:Infinity":29,"s:70:22:70:60":30,"f:70:46:70:47":9,"s:70:51:70:59":31,"s:71:19:78:8":32,"f:71:38:71:42":10,"s:72:23:72:38":33,"s:73:20:73:22":34,"s:74:8:76:Infinity":35,"f:74:24:74:25":11,"s:75:10:75:Infinity":36,"b:75:24:75:41:75:45:75:47":4,"s:77:8:77:Infinity":37,"s:80:6:84:Infinity":38,"s:87:4:87:Infinity":39,"f:87:21:87:22":12,"s:87:27:87:67":40,"s:88:4:88:Infinity":41,"s:93:30:112:1":42,"f:93:30:93:35":13,"s:94:19:94:33":43,"s:95:2:95:Infinity":44,"s:96:2:96:Infinity":45,"s:97:2:97:Infinity":46,"s:98:2:98:Infinity":47,"s:99:2:99:Infinity":48,"s:100:2:100:Infinity":49,"b:100:28:100:41:100:45:100:47":5,"s:101:2:101:Infinity":50,"s:102:2:102:Infinity":51,"s:103:2:103:Infinity":52,"s:105:19:109:4":53,"s:111:2:111:Infinity":54,"s:115:37:123:1":55,"f:115:37:115:42":14,"s:116:19:120:4":56,"s:122:2:122:Infinity":57,"s:126:26:129:1":58,"f:126:26:126:31":15,"s:127:19:127:48":59,"s:128:2:128:Infinity":60,"s:131:40:134:1":61,"f:131:40:131:45":16,"s:132:19:132:54":62,"s:133:2:133:Infinity":63,"s:136:29:139:1":64,"f:136:29:136:34":17,"s:137:19:137:51":65,"s:138:2:138:Infinity":66,"s:142:27:145:1":67,"f:142:27:142:32":18,"s:143:19:143:49":68,"s:144:2:144:Infinity":69,"s:147:30:150:1":70,"f:147:30:147:35":19,"s:148:19:148:59":71,"s:149:2:149:Infinity":72,"s:153:38:156:1":73,"f:153:38:153:43":20,"s:154:19:154:83":74,"s:155:2:155:Infinity":75,"s:158:33:161:1":76,"f:158:33:158:38":21,"s:159:19:159:65":77,"s:160:2:160:Infinity":78,"s:164:36:167:1":79,"f:164:36:164:41":22,"s:165:19:165:73":80,"s:166:2:166:Infinity":81,"s:169:29:175:1":82,"f:169:29:169:34":23,"s:170:19:173:4":83,"s:174:2:174:Infinity":84}}}
,"/Users/Isalenert/Documents/lm-conciliation/frontend/src/utils/helpers.js": {"path":"/Users/Isalenert/Documents/lm-conciliation/frontend/src/utils/helpers.js","statementMap":{"0":{"start":{"line":1,"column":26},"end":{"line":9,"column":null}},"1":{"start":{"line":2,"column":2},"end":{"line":2,"column":null}},"2":{"start":{"line":2,"column":13},"end":{"line":2,"column":null}},"3":{"start":{"line":3,"column":2},"end":{"line":8,"column":null}},"4":{"start":{"line":4,"column":14},"end":{"line":4,"column":null}},"5":{"start":{"line":5,"column":4},"end":{"line":5,"column":null}},"6":{"start":{"line":7,"column":4},"end":{"line":7,"column":null}},"7":{"start":{"line":11,"column":30},"end":{"line":17,"column":null}},"8":{"start":{"line":12,"column":2},"end":{"line":12,"column":null}},"9":{"start":{"line":12,"column":45},"end":{"line":12,"column":null}},"10":{"start":{"line":13,"column":2},"end":{"line":16,"column":null}},"11":{"start":{"line":19,"column":29},"end":{"line":23,"column":null}},"12":{"start":{"line":20,"column":2},"end":{"line":20,"column":null}},"13":{"start":{"line":20,"column":14},"end":{"line":20,"column":null}},"14":{"start":{"line":21,"column":16},"end":{"line":21,"column":null}},"15":{"start":{"line":22,"column":2},"end":{"line":22,"column":null}}},"fnMap":{"0":{"name":"(anonymous_0)","decl":{"start":{"line":1,"column":26},"end":{"line":1,"column":27}},"loc":{"start":{"line":1,"column":36},"end":{"line":9,"column":null}},"line":1},"1":{"name":"(anonymous_1)","decl":{"start":{"line":11,"column":30},"end":{"line":11,"column":31}},"loc":{"start":{"line":11,"column":41},"end":{"line":17,"column":null}},"line":11},"2":{"name":"(anonymous_2)","decl":{"start":{"line":19,"column":29},"end":{"line":19,"column":30}},"loc":{"start":{"line":19,"column":40},"end":{"line":23,"column":null}},"line":19}},"branchMap":{"0":{"loc":{"start":{"line":2,"column":2},"end":{"line":2,"column":null}},"type":"if","locations":[{"start":{"line":2,"column":2},"end":{"line":2,"column":null}},{"start":{},"end":{}}],"line":2},"1":{"loc":{"start":{"line":12,"column":2},"end":{"line":12,"column":null}},"type":"if","locations":[{"start":{"line":12,"column":2},"end":{"line":12,"column":null}},{"start":{},"end":{}}],"line":12},"2":{"loc":{"start":{"line":12,"column":6},"end":{"line":12,"column":43}},"type":"binary-expr","locations":[{"start":{"line":12,"column":6},"end":{"line":12,"column":20}},{"start":{"line":12,"column":24},"end":{"line":12,"column":43}}],"line":12},"3":{"loc":{"start":{"line":20,"column":2},"end":{"line":20,"column":null}},"type":"if","locations":[{"start":{"line":20,"column":2},"end":{"line":20,"column":null}},{"start":{},"end":{}}],"line":20}},"s":{"0":2,"1":5,"2":3,"3":2,"4":2,"5":2,"6":0,"7":2,"8":7,"9":2,"10":5,"11":2,"12":11,"13":2,"14":9,"15":9},"f":{"0":5,"1":7,"2":11},"b":{"0":[3,2],"1":[2,5],"2":[7,6],"3":[2,9]},"meta":{"lastBranch":4,"lastFunction":3,"lastStatement":16,"seen":{"s:1:26:9:Infinity":0,"f:1:26:1:27":0,"b:2:2:2:Infinity:undefined:undefined:undefined:undefined":0,"s:2:2:2:Infinity":1,"s:2:13:2:Infinity":2,"s:3:2:8:Infinity":3,"s:4:14:4:Infinity":4,"s:5:4:5:Infinity":5,"s:7:4:7:Infinity":6,"s:11:30:17:Infinity":7,"f:11:30:11:31":1,"b:12:2:12:Infinity:undefined:undefined:undefined:undefined":1,"s:12:2:12:Infinity":8,"b:12:6:12:20:12:24:12:43":2,"s:12:45:12:Infinity":9,"s:13:2:16:Infinity":10,"s:19:29:23:Infinity":11,"f:19:29:19:30":2,"b:20:2:20:Infinity:undefined:undefined:undefined:undefined":3,"s:20:2:20:Infinity":12,"s:20:14:20:Infinity":13,"s:21:16:21:Infinity":14,"s:22:2:22:Infinity":15}}}
}
